a a a b b b b a b a b b a b a b
a a a b b b b a b a b b a bab
a a a b b b b a b a b b aba b
a a a b b b b a b a b bab a b
a a a b b b b a b a b babab
a a a b b b b a b a bb a b a b
a a a b b b b a b a bb a bab
a a a b b b b a b a bb aba b
a a a b b b b a b abba b a b
a a a b b b b a b abba bab
a a a b b b b a bab b a b a b
a a a b b b b a bab b a bab
a a a b b b b a bab b aba b
a a a b b b b a bab bab a b
a a a b b b b a bab babab
a a a b b b b a babbab a b
a a a b b b b aba b b a b a b
a a a b b b b aba b b a bab
a a a b b b b aba b b aba b
a a a b b b b aba b bab a b
a a a b b b b aba b babab
a a a b b b b aba bb a b a b
a a a b b b b aba bb a bab
a a a b b b b aba bb aba b
a a a b b b b ababbaba b
a a a b b b bab a b b a b a b
a a a b b b bab a b b a bab
a a a b b b bab a b b aba b
a a a b b b bab a b bab a b
a a a b b b bab a b babab
a a a b b b bab a bb a b a b
a a a b b b bab a bb a bab
a a a b b b bab a bb aba b
a a a b b b bab abba b a b
a a a b b b bab abba bab
a a a b b b babab b a b a b
a a a b b b babab b a bab
a a a b b b babab b aba b
a a a b b b babab bab a b
a a a b b b babab babab
a a a b b b bababbabab
a a a b b bb a b a b b a b a b
a a a b b bb a b a b b a bab
a a a b b bb a b a b b aba b
a a a b b bb a b a b bab a b
a a a b b bb a b a b babab
a a a b b bb a b a bb a b a b
a a a b b bb a b a bb a bab
a a a b b bb a b a bb aba b
a a a b b bb a b abba b a b
a a a b b bb a b abba bab
a a a b b bb a bab b a b a b
a a a b b bb a bab b a bab
a a a b b bb a bab b aba b
a a a b b bb a bab bab a b
a a a b b bb a bab babab
a a a b b bb a babbab a b
a a a b b bb aba b b a b a b
a a a b b bb aba b b a bab
a a a b b bb aba b b aba b
a a a b b bb aba b bab a b
a a a b b bb aba b babab
a a a b b bb aba bb a b a b
a a a b b bb aba bb a bab
a a a b b bb aba bb aba b
a a a b b bb ababbaba b
a a a b b bbababb a b a b
a a a b b bbababb a bab
a a a b b bbababb aba b
a a a b bb b a b a b b a b a b
a a a b bb b a b a b b a bab
a a a b bb b a b a b b aba b
a a a b bb b a b a b bab a b
a a a b bb b a b a b babab
a a a b bb b a b a bb a b a b
a a a b bb b a b a bb a bab
a a a b bb b a b a bb aba b
a a a b bb b a b abba b a b
a a a b bb b a b abba bab
a a a b bb b a bab b a b a b
a a a b bb b a bab b a bab
a a a b bb b a bab b aba b
a a a b bb b a bab bab a b
a a a b bb b a bab babab
a a a b bb b a babbab a b
a a a b bb b aba b b a b a b
a a a b bb b aba b b a bab
a a a b bb b aba b b aba b
a a a b bb b aba b bab a b
a a a b bb b aba b babab
a a a b bb b aba bb a b a b
a a a b bb b aba bb a bab
a a a b bb b aba bb aba b
a a a b bb b ababbaba b
a a a b bb bab a b b a b a b
a a a b bb bab a b b a bab
a a a b bb bab a b b aba b
a a a b bb bab a b bab a b
a a a b bb bab a b babab
a a a b bb bab a bb a b a b
a a a b bb bab a bb a bab
a a a b bb bab a bb aba b
a a a b bb bab abba b a b
a a a b bb bab abba bab
a a a b bb babab b a b a b
a a a b bb babab b a bab
a a a b bb babab b aba b
a a a b bb babab bab a b
a a a b bb babab babab
a a a b bb bababbabab
a a a b bbb a b a b b a b a b
a a a b bbb a b a b b a bab
a a a b bbb a b a b b aba b
a a a b bbb a b a b bab a b
a a a b bbb a b a b babab
a a a b bbb a b a bb a b a b
a a a b bbb a b a bb a bab
a a a b bbb a b a bb aba b
a a a b bbb a b abba b a b
a a a b bbb a b abba bab
a a a b bbb a bab b a b a b
a a a b bbb a bab b a bab
a a a b bbb a bab b aba b
a a a b bbb a bab bab a b
a a a b bbb a bab babab
a a a b bbb a babbab a b
a a a b bbb aba b b a b a b
a a a b bbb aba b b a bab
a a a b bbb aba b b aba b
a a a b bbb aba b bab a b
a a a b bbb aba b babab
a a a b bbb aba bb a b a b
a a a b bbb aba bb a bab
a a a b bbb aba bb aba b
a a a b bbb ababbaba b
a a a bb b b a b a b b a b a b
a a a bb b b a b a b b a bab
a a a bb b b a b a b b aba b
a a a bb b b a b a b bab a b
a a a bb b b a b a b babab
a a a bb b b a b a bb a b a b
a a a bb b b a b a bb a bab
a a a bb b b a b a bb aba b
a a a bb b b a b abba b a b
a a a bb b b a b abba bab
a a a bb b b a bab b a b a b
a a a bb b b a bab b a bab
a a a bb b b a bab b aba b
a a a bb b b a bab bab a b
a a a bb b b a bab babab
a a a bb b b a babbab a b
a a a bb b b aba b b a b a b
a a a bb b b aba b b a bab
a a a bb b b aba b b aba b
a a a bb b b aba b bab a b
a a a bb b b aba b babab
a a a bb b b aba bb a b a b
a a a bb b b aba bb a bab
a a a bb b b aba bb aba b
a a a bb b b ababbaba b
a a a bb b bab a b b a b a b
a a a bb b bab a b b a bab
a a a bb b bab a b b aba b
a a a bb b bab a b bab a b
a a a bb b bab a b babab
a a a bb b bab a bb a b a b
a a a bb b bab a bb a bab
a a a bb b bab a bb aba b
a a a bb b bab abba b a b
a a a bb b bab abba bab
a a a bb b babab b a b a b
a a a bb b babab b a bab
a a a bb b babab b aba b
a a a bb b babab bab a b
a a a bb b babab babab
a a a bb b bababbabab
a a a bb bb a b a b b a b a b
a a a bb bb a b a b b a bab
a a a bb bb a b a b b aba b
a a a bb bb a b a b bab a b
a a a bb bb a b a b babab
a a a bb bb a b a bb a b a b
a a a bb bb a b a bb a bab
a a a bb bb a b a bb aba b
a a a bb bb a b abba b a b
a a a bb bb a b abba bab
a a a bb bb a bab b a b a b
a a a bb bb a bab b a bab
a a a bb bb a bab b aba b
a a a bb bb a bab bab a b
a a a bb bb a bab babab
a a a bb bb a babbab a b
a a a bb bb aba b b a b a b
a a a bb bb aba b b a bab
a a a bb bb aba b b aba b
a a a bb bb aba b bab a b
a a a bb bb aba b babab
a a a bb bb aba bb a b a b
a a a bb bb aba bb a bab
a a a bb bb aba bb aba b
a a a bb bb ababbaba b
a a a bb bbababb a b a b
a a a bb bbababb a bab
a a a bb bbababb aba b
a a a bbb b a b a b b a b a b
a a a bbb b a b a b b a bab
a a a bbb b a b a b b aba b
a a a bbb b a b a b bab a b
a a a bbb b a b a b babab
a a a bbb b a b a bb a b a b
a a a bbb b a b a bb a bab
a a a bbb b a b a bb aba b
a a a bbb b a b abba b a b
a a a bbb b a b abba bab
a a a bbb b a bab b a b a b
a a a bbb b a bab b a bab
a a a bbb b a bab b aba b
a a a bbb b a bab bab a b
a a a bbb b a bab babab
a a a bbb b a babbab a b
a a a bbb b aba b b a b a b
a a a bbb b aba b b a bab
a a a bbb b aba b b aba b
a a a bbb b aba b bab a b
a a a bbb b aba b babab
a a a bbb b aba bb a b a b
a a a bbb b aba bb a bab
a a a bbb b aba bb aba b
a a a bbb b ababbaba b
a a a bbb bab a b b a b a b
a a a bbb bab a b b a bab
a a a bbb bab a b b aba b
a a a bbb bab a b bab a b
a a a bbb bab a b babab
a a a bbb bab a bb a b a b
a a a bbb bab a bb a bab
a a a bbb bab a bb aba b
a a a bbb bab abba b a b
a a a bbb bab abba bab
a a a bbb babab b a b a b
a a a bbb babab b a bab
a a a bbb babab b aba b
a a a bbb babab bab a b
a a a bbb babab babab
a a a bbb bababbabab
a a a bbbb a b a b b a b a b
a a a bbbb a b a b b a bab
a a a bbbb a b a b b aba b
a a a bbbb a b a b bab a b
a a a bbbb a b a b babab
a a a bbbb a b a bb a b a b
a a a bbbb a b a bb a bab
a a a bbbb a b a bb aba b
a a a bbbb a b abba b a b
a a a bbbb a b abba bab
a a a bbbb a bab b a b a b
a a a bbbb a bab b a bab
a a a bbbb a bab b aba b
a a a bbbb a bab bab a b
a a a bbbb a bab babab
a a a bbbb a babbab a b
a a a bbbb aba b b a b a b
a a a bbbb aba b b a bab
a a a bbbb aba b b aba b
a a a bbbb aba b bab a b
a a a bbbb aba b babab
a a a bbbb aba bb a b a b
a a a bbbb aba bb a bab
a a a bbbb aba bb aba b
a a a bbbb ababbaba b
a a abbbba b a b b a b a b
a a abbbba b a b b a bab
a a abbbba b a b b aba b
a a abbbba b a b bab a b
a a abbbba b a b babab
a a abbbba b a bb a b a b
a a abbbba b a bb a bab
a a abbbba b a bb aba b
a a abbbba b abba b a b
a a abbbba b abba bab
a a abbbba bab b a b a b
a a abbbba bab b a bab
a a abbbba bab b aba b
a a abbbba bab bab a b
a a abbbba bab babab
a a abbbba babbab a b
a aa b b b b a b a b b a b a b
a aa b b b b a b a b b a bab
a aa b b b b a b a b b aba b
a aa b b b b a b a b bab a b
a aa b b b b a b a b babab
a aa b b b b a b a bb a b a b
a aa b b b b a b a bb a bab
a aa b b b b a b a bb aba b
a aa b b b b a b abba b a b
a aa b b b b a b abba bab
a aa b b b b a bab b a b a b
a aa b b b b a bab b a bab
a aa b b b b a bab b aba b
a aa b b b b a bab bab a b
a aa b b b b a bab babab
a aa b b b b a babbab a b
a aa b b b b aba b b a b a b
a aa b b b b aba b b a bab
a aa b b b b aba b b aba b
a aa b b b b aba b bab a b
a aa b b b b aba b babab
a aa b b b b aba bb a b a b
a aa b b b b aba bb a bab
a aa b b b b aba bb aba b
a aa b b b b ababbaba b
a aa b b b bab a b b a b a b
a aa b b b bab a b b a bab
a aa b b b bab a b b aba b
a aa b b b bab a b bab a b
a aa b b b bab a b babab
a aa b b b bab a bb a b a b
a aa b b b bab a bb a bab
a aa b b b bab a bb aba b
a aa b b b bab abba b a b
a aa b b b bab abba bab
a aa b b b babab b a b a b
a aa b b b babab b a bab
a aa b b b babab b aba b
a aa b b b babab bab a b
a aa b b b babab babab
a aa b b b bababbabab
a aa b b bb a b a b b a b a b
a aa b b bb a b a b b a bab
a aa b b bb a b a b b aba b
a aa b b bb a b a b bab a b
a aa b b bb a b a b babab
a aa b b bb a b a bb a b a b
a aa b b bb a b a bb a bab
a aa b b bb a b a bb aba b
a aa b b bb a b abba b a b
a aa b b bb a b abba bab
a aa b b bb a bab b a b a b
a aa b b bb a bab b a bab
a aa b b bb a bab b aba b
a aa b b bb a bab bab a b
a aa b b bb a bab babab
a aa b b bb a babbab a b
a aa b b bb aba b b a b a b
a aa b b bb aba b b a bab
a aa b b bb aba b b aba b
a aa b b bb aba b bab a b
a aa b b bb aba b babab
a aa b b bb aba bb a b a b
a aa b b bb aba bb a bab
a aa b b bb aba bb aba b
a aa b b bb ababbaba b
a aa b b bbababb a b a b
a aa b b bbababb a bab
a aa b b bbababb aba b
a aa b bb b a b a b b a b a b
a aa b bb b a b a b b a bab
a aa b bb b a b a b b aba b
a aa b bb b a b a b bab a b
a aa b bb b a b a b babab
a aa b bb b a b a bb a b a b
a aa b bb b a b a bb a bab
a aa b bb b a b a bb aba b
a aa b bb b a b abba b a b
a aa b bb b a b abba bab
a aa b bb b a bab b a b a b
a aa b bb b a bab b a bab
a aa b bb b a bab b aba b
a aa b bb b a bab bab a b
a aa b bb b a bab babab
a aa b bb b a babbab a b
a aa b bb b aba b b a b a b
a aa b bb b aba b b a bab
a aa b bb b aba b b aba b
a aa b bb b aba b bab a b
a aa b bb b aba b babab
a aa b bb b aba bb a b a b
a aa b bb b aba bb a bab
a aa b bb b aba bb aba b
a aa b bb b ababbaba b
a aa b bb bab a b b a b a b
a aa b bb bab a b b a bab
a aa b bb bab a b b aba b
a aa b bb bab a b bab a b
a aa b bb bab a b babab
a aa b bb bab a bb a b a b
a aa b bb bab a bb a bab
a aa b bb bab a bb aba b
a aa b bb bab abba b a b
a aa b bb bab abba bab
a aa b bb babab b a b a b
a aa b bb babab b a bab
a aa b bb babab b aba b
a aa b bb babab bab a b
a aa b bb babab babab
a aa b bb bababbabab
a aa b bbb a b a b b a b a b
a aa b bbb a b a b b a bab
a aa b bbb a b a b b aba b
a aa b bbb a b a b bab a b
a aa b bbb a b a b babab
a aa b bbb a b a bb a b a b
a aa b bbb a b a bb a bab
a aa b bbb a b a bb aba b
a aa b bbb a b abba b a b
a aa b bbb a b abba bab
a aa b bbb a bab b a b a b
a aa b bbb a bab b a bab
a aa b bbb a bab b aba b
a aa b bbb a bab bab a b
a aa b bbb a bab babab
a aa b bbb a babbab a b
a aa b bbb aba b b a b a b
a aa b bbb aba b b a bab
a aa b bbb aba b b aba b
a aa b bbb aba b bab a b
a aa b bbb aba b babab
a aa b bbb aba bb a b a b
a aa b bbb aba bb a bab
a aa b bbb aba bb aba b
a aa b bbb ababbaba b
a aa bb b b a b a b b a b a b
a aa bb b b a b a b b a bab
a aa bb b b a b a b b aba b
a aa bb b b a b a b bab a b
a aa bb b b a b a b babab
a aa bb b b a b a bb a b a b
a aa bb b b a b a bb a bab
a aa bb b b a b a bb aba b
a aa bb b b a b abba b a b
a aa bb b b a b abba bab
a aa bb b b a bab b a b a b
a aa bb b b a bab b a bab
a aa bb b b a bab b aba b
a aa bb b b a bab bab a b
a aa bb b b a bab babab
a aa bb b b a babbab a b
a aa bb b b aba b b a b a b
a aa bb b b aba b b a bab
a aa bb b b aba b b aba b
a aa bb b b aba b bab a b
a aa bb b b aba b babab
a aa bb b b aba bb a b a b
a aa bb b b aba bb a bab
a aa bb b b aba bb aba b
a aa bb b b ababbaba b
a aa bb b bab a b b a b a b
a aa bb b bab a b b a bab
a aa bb b bab a b b aba b
a aa bb b bab a b bab a b
a aa bb b bab a b babab
a aa bb b bab a bb a b a b
a aa bb b bab a bb a bab
a aa bb b bab a bb aba b
a aa bb b bab abba b a b
a aa bb b bab abba bab
a aa bb b babab b a b a b
a aa bb b babab b a bab
a aa bb b babab b aba b
a aa bb b babab bab a b
a aa bb b babab babab
a aa bb b bababbabab
a aa bb bb a b a b b a b a b
a aa bb bb a b a b b a bab
a aa bb bb a b a b b aba b
a aa bb bb a b a b bab a b
a aa bb bb a b a b babab
a aa bb bb a b a bb a b a b
a aa bb bb a b a bb a bab
a aa bb bb a b a bb aba b
a aa bb bb a b abba b a b
a aa bb bb a b abba bab
a aa bb bb a bab b a b a b
a aa bb bb a bab b a bab
a aa bb bb a bab b aba b
a aa bb bb a bab bab a b
a aa bb bb a bab babab
a aa bb bb a babbab a b
a aa bb bb aba b b a b a b
a aa bb bb aba b b a bab
a aa bb bb aba b b aba b
a aa bb bb aba b bab a b
a aa bb bb aba b babab
a aa bb bb aba bb a b a b
a aa bb bb aba bb a bab
a aa bb bb aba bb aba b
a aa bb bb ababbaba b
a aa bb bbababb a b a b
a aa bb bbababb a bab
a aa bb bbababb aba b
a aa bbb b a b a b b a b a b
a aa bbb b a b a b b a bab
a aa bbb b a b a b b aba b
a aa bbb b a b a b bab a b
a aa bbb b a b a b babab
a aa bbb b a b a bb a b a b
a aa bbb b a b a bb a bab
a aa bbb b a b a bb aba b
a aa bbb b a b abba b a b
a aa bbb b a b abba bab
a aa bbb b a bab b a b a b
a aa bbb b a bab b a bab
a aa bbb b a bab b aba b
a aa bbb b a bab bab a b
a aa bbb b a bab babab
a aa bbb b a babbab a b
a aa bbb b aba b b a b a b
a aa bbb b aba b b a bab
a aa bbb b aba b b aba b
a aa bbb b aba b bab a b
a aa bbb b aba b babab
a aa bbb b aba bb a b a b
a aa bbb b aba bb a bab
a aa bbb b aba bb aba b
a aa bbb b ababbaba b
a aa bbb bab a b b a b a b
a aa bbb bab a b b a bab
a aa bbb bab a b b aba b
a aa bbb bab a b bab a b
a aa bbb bab a b babab
a aa bbb bab a bb a b a b
a aa bbb bab a bb a bab
a aa bbb bab a bb aba b
a aa bbb bab abba b a b
a aa bbb bab abba bab
a aa bbb babab b a b a b
a aa bbb babab b a bab
a aa bbb babab b aba b
a aa bbb babab bab a b
a aa bbb babab babab
a aa bbb bababbabab
a aa bbbb a b a b b a b a b
a aa bbbb a b a b b a bab
a aa bbbb a b a b b aba b
a aa bbbb a b a b bab a b
a aa bbbb a b a b babab
a aa bbbb a b a bb a b a b
a aa bbbb a b a bb a bab
a aa bbbb a b a bb aba b
a aa bbbb a b abba b a b
a aa bbbb a b abba bab
a aa bbbb a bab b a b a b
a aa bbbb a bab b a bab
a aa bbbb a bab b aba b
a aa bbbb a bab bab a b
a aa bbbb a bab babab
a aa bbbb a babbab a b
a aa bbbb aba b b a b a b
a aa bbbb aba b b a bab
a aa bbbb aba b b aba b
a aa bbbb aba b bab a b
a aa bbbb aba b babab
a aa bbbb aba bb a b a b
a aa bbbb aba bb a bab
a aa bbbb aba bb aba b
a aa bbbb ababbaba b
aa a b b b b a b a b b a b a b
aa a b b b b a b a b b a bab
aa a b b b b a b a b b aba b
aa a b b b b a b a b bab a b
aa a b b b b a b a b babab
aa a b b b b a b a bb a b a b
aa a b b b b a b a bb a bab
aa a b b b b a b a bb aba b
aa a b b b b a b abba b a b
aa a b b b b a b abba bab
aa a b b b b a bab b a b a b
aa a b b b b a bab b a bab
aa a b b b b a bab b aba b
aa a b b b b a bab bab a b
aa a b b b b a bab babab
aa a b b b b a babbab a b
aa a b b b b aba b b a b a b
aa a b b b b aba b b a bab
aa a b b b b aba b b aba b
aa a b b b b aba b bab a b
aa a b b b b aba b babab
aa a b b b b aba bb a b a b
aa a b b b b aba bb a bab
aa a b b b b aba bb aba b
aa a b b b b ababbaba b
aa a b b b bab a b b a b a b
aa a b b b bab a b b a bab
aa a b b b bab a b b aba b
aa a b b b bab a b bab a b
aa a b b b bab a b babab
aa a b b b bab a bb a b a b
aa a b b b bab a bb a bab
aa a b b b bab a bb aba b
aa a b b b bab abba b a b
aa a b b b bab abba bab
aa a b b b babab b a b a b
aa a b b b babab b a bab
aa a b b b babab b aba b
aa a b b b babab bab a b
aa a b b b babab babab
aa a b b b bababbabab
aa a b b bb a b a b b a b a b
aa a b b bb a b a b b a bab
aa a b b bb a b a b b aba b
aa a b b bb a b a b bab a b
aa a b b bb a b a b babab
aa a b b bb a b a bb a b a b
aa a b b bb a b a bb a bab
aa a b b bb a b a bb aba b
aa a b b bb a b abba b a b
aa a b b bb a b abba bab
aa a b b bb a bab b a b a b
aa a b b bb a bab b a bab
aa a b b bb a bab b aba b
aa a b b bb a bab bab a b
aa a b b bb a bab babab
aa a b b bb a babbab a b
aa a b b bb aba b b a b a b
aa a b b bb aba b b a bab
aa a b b bb aba b b aba b
aa a b b bb aba b bab a b
aa a b b bb aba b babab
aa a b b bb aba bb a b a b
aa a b b bb aba bb a bab
aa a b b bb aba bb aba b
aa a b b bb ababbaba b
aa a b b bbababb a b a b
aa a b b bbababb a bab
aa a b b bbababb aba b
aa a b bb b a b a b b a b a b
aa a b bb b a b a b b a bab
aa a b bb b a b a b b aba b
aa a b bb b a b a b bab a b
aa a b bb b a b a b babab
aa a b bb b a b a bb a b a b
aa a b bb b a b a bb a bab
aa a b bb b a b a bb aba b
aa a b bb b a b abba b a b
aa a b bb b a b abba bab
aa a b bb b a bab b a b a b
aa a b bb b a bab b a bab
aa a b bb b a bab b aba b
aa a b bb b a bab bab a b
aa a b bb b a bab babab
aa a b bb b a babbab a b
aa a b bb b aba b b a b a b
aa a b bb b aba b b a bab
aa a b bb b aba b b aba b
aa a b bb b aba b bab a b
aa a b bb b aba b babab
aa a b bb b aba bb a b a b
aa a b bb b aba bb a bab
aa a b bb b aba bb aba b
aa a b bb b ababbaba b
aa a b bb bab a b b a b a b
aa a b bb bab a b b a bab
aa a b bb bab a b b aba b
aa a b bb bab a b bab a b
aa a b bb bab a b babab
aa a b bb bab a bb a b a b
aa a b bb bab a bb a bab
aa a b bb bab a bb aba b
aa a b bb bab abba b a b
aa a b bb bab abba bab
aa a b bb babab b a b a b
aa a b bb babab b a bab
aa a b bb babab b aba b
aa a b bb babab bab a b
aa a b bb babab babab
aa a b bb bababbabab
aa a b bbb a b a b b a b a b
aa a b bbb a b a b b a bab
aa a b bbb a b a b b aba b
aa a b bbb a b a b bab a b
aa a b bbb a b a b babab
aa a b bbb a b a bb a b a b
aa a b bbb a b a bb a bab
aa a b bbb a b a bb aba b
aa a b bbb a b abba b a b
aa a b bbb a b abba bab
aa a b bbb a bab b a b a b
aa a b bbb a bab b a bab
aa a b bbb a bab b aba b
aa a b bbb a bab bab a b
aa a b bbb a bab babab
aa a b bbb a babbab a b
aa a b bbb aba b b a b a b
aa a b bbb aba b b a bab
aa a b bbb aba b b aba b
aa a b bbb aba b bab a b
aa a b bbb aba b babab
aa a b bbb aba bb a b a b
aa a b bbb aba bb a bab
aa a b bbb aba bb aba b
aa a b bbb ababbaba b
aa a bb b b a b a b b a b a b
aa a bb b b a b a b b a bab
aa a bb b b a b a b b aba b
aa a bb b b a b a b bab a b
aa a bb b b a b a b babab
aa a bb b b a b a bb a b a b
aa a bb b b a b a bb a bab
aa a bb b b a b a bb aba b
aa a bb b b a b abba b a b
aa a bb b b a b abba bab
aa a bb b b a bab b a b a b
aa a bb b b a bab b a bab
aa a bb b b a bab b aba b
aa a bb b b a bab bab a b
aa a bb b b a bab babab
aa a bb b b a babbab a b
aa a bb b b aba b b a b a b
aa a bb b b aba b b a bab
aa a bb b b aba b b aba b
aa a bb b b aba b bab a b
aa a bb b b aba b babab
aa a bb b b aba bb a b a b
aa a bb b b aba bb a bab
aa a bb b b aba bb aba b
aa a bb b b ababbaba b
aa a bb b bab a b b a b a b
aa a bb b bab a b b a bab
aa a bb b bab a b b aba b
aa a bb b bab a b bab a b
aa a bb b bab a b babab
aa a bb b bab a bb a b a b
aa a bb b bab a bb a bab
aa a bb b bab a bb aba b
aa a bb b bab abba b a b
aa a bb b bab abba bab
aa a bb b babab b a b a b
aa a bb b babab b a bab
aa a bb b babab b aba b
aa a bb b babab bab a b
aa a bb b babab babab
aa a bb b bababbabab
aa a bb bb a b a b b a b a b
aa a bb bb a b a b b a bab
aa a bb bb a b a b b aba b
aa a bb bb a b a b bab a b
aa a bb bb a b a b babab
aa a bb bb a b a bb a b a b
aa a bb bb a b a bb a bab
aa a bb bb a b a bb aba b
aa a bb bb a b abba b a b
aa a bb bb a b abba bab
aa a bb bb a bab b a b a b
aa a bb bb a bab b a bab
aa a bb bb a bab b aba b
aa a bb bb a bab bab a b
aa a bb bb a bab babab
aa a bb bb a babbab a b
aa a bb bb aba b b a b a b
aa a bb bb aba b b a bab
aa a bb bb aba b b aba b
aa a bb bb aba b bab a b
aa a bb bb aba b babab
aa a bb bb aba bb a b a b
aa a bb bb aba bb a bab
aa a bb bb aba bb aba b
aa a bb bb ababbaba b
aa a bb bbababb a b a b
aa a bb bbababb a bab
aa a bb bbababb aba b
aa a bbb b a b a b b a b a b
aa a bbb b a b a b b a bab
aa a bbb b a b a b b aba b
aa a bbb b a b a b bab a b
aa a bbb b a b a b babab
aa a bbb b a b a bb a b a b
aa a bbb b a b a bb a bab
aa a bbb b a b a bb aba b
aa a bbb b a b abba b a b
aa a bbb b a b abba bab
aa a bbb b a bab b a b a b
aa a bbb b a bab b a bab
aa a bbb b a bab b aba b
aa a bbb b a bab bab a b
aa a bbb b a bab babab
aa a bbb b a babbab a b
aa a bbb b aba b b a b a b
aa a bbb b aba b b a bab
aa a bbb b aba b b aba b
aa a bbb b aba b bab a b
aa a bbb b aba b babab
aa a bbb b aba bb a b a b
aa a bbb b aba bb a bab
aa a bbb b aba bb aba b
aa a bbb b ababbaba b
aa a bbb bab a b b a b a b
aa a bbb bab a b b a bab
aa a bbb bab a b b aba b
aa a bbb bab a b bab a b
aa a bbb bab a b babab
aa a bbb bab a bb a b a b
aa a bbb bab a bb a bab
aa a bbb bab a bb aba b
aa a bbb bab abba b a b
aa a bbb bab abba bab
aa a bbb babab b a b a b
aa a bbb babab b a bab
aa a bbb babab b aba b
aa a bbb babab bab a b
aa a bbb babab babab
aa a bbb bababbabab
aa a bbbb a b a b b a b a b
aa a bbbb a b a b b a bab
aa a bbbb a b a b b aba b
aa a bbbb a b a b bab a b
aa a bbbb a b a b babab
aa a bbbb a b a bb a b a b
aa a bbbb a b a bb a bab
aa a bbbb a b a bb aba b
aa a bbbb a b abba b a b
aa a bbbb a b abba bab
aa a bbbb a bab b a b a b
aa a bbbb a bab b a bab
aa a bbbb a bab b aba b
aa a bbbb a bab bab a b
aa a bbbb a bab babab
aa a bbbb a babbab a b
aa a bbbb aba b b a b a b
aa a bbbb aba b b a bab
aa a bbbb aba b b aba b
aa a bbbb aba b bab a b
aa a bbbb aba b babab
aa a bbbb aba bb a b a b
aa a bbbb aba bb a bab
aa a bbbb aba bb aba b
aa a bbbb ababbaba b
aa abbbba b a b b a b a b
aa abbbba b a b b a bab
aa abbbba b a b b aba b
aa abbbba b a b bab a b
aa abbbba b a b babab
aa abbbba b a bb a b a b
aa abbbba b a bb a bab
aa abbbba b a bb aba b
aa abbbba b abba b a b
aa abbbba b abba bab
aa abbbba bab b a b a b
aa abbbba bab b a bab
aa abbbba bab b aba b
aa abbbba bab bab a b
aa abbbba bab babab
aa abbbba babbab a b
aaa b b b b a b a b b a b a b
aaa b b b b a b a b b a bab
aaa b b b b a b a b b aba b
aaa b b b b a b a b bab a b
aaa b b b b a b a b babab
aaa b b b b a b a bb a b a b
aaa b b b b a b a bb a bab
aaa b b b b a b a bb aba b
aaa b b b b a b abba b a b
aaa b b b b a b abba bab
aaa b b b b a bab b a b a b
aaa b b b b a bab b a bab
aaa b b b b a bab b aba b
aaa b b b b a bab bab a b
aaa b b b b a bab babab
aaa b b b b a babbab a b
aaa b b b b aba b b a b a b
aaa b b b b aba b b a bab
aaa b b b b aba b b aba b
aaa b b b b aba b bab a b
aaa b b b b aba b babab
aaa b b b b aba bb a b a b
aaa b b b b aba bb a bab
aaa b b b b aba bb aba b
aaa b b b b ababbaba b
aaa b b b bab a b b a b a b
aaa b b b bab a b b a bab
aaa b b b bab a b b aba b
aaa b b b bab a b bab a b
aaa b b b bab a b babab
aaa b b b bab a bb a b a b
aaa b b b bab a bb a bab
aaa b b b bab a bb aba b
aaa b b b bab abba b a b
aaa b b b bab abba bab
aaa b b b babab b a b a b
aaa b b b babab b a bab
aaa b b b babab b aba b
aaa b b b babab bab a b
aaa b b b babab babab
aaa b b b bababbabab
aaa b b bb a b a b b a b a b
aaa b b bb a b a b b a bab
aaa b b bb a b a b b aba b
aaa b b bb a b a b bab a b
aaa b b bb a b a b babab
aaa b b bb a b a bb a b a b
aaa b b bb a b a bb a bab
aaa b b bb a b a bb aba b
aaa b b bb a b abba b a b
aaa b b bb a b abba bab
aaa b b bb a bab b a b a b
aaa b b bb a bab b a bab
aaa b b bb a bab b aba b
aaa b b bb a bab bab a b
aaa b b bb a bab babab
aaa b b bb a babbab a b
aaa b b bb aba b b a b a b
aaa b b bb aba b b a bab
aaa b b bb aba b b aba b
aaa b b bb aba b bab a b
aaa b b bb aba b babab
aaa b b bb aba bb a b a b
aaa b b bb aba bb a bab
aaa b b bb aba bb aba b
aaa b b bb ababbaba b
aaa b b bbababb a b a b
aaa b b bbababb a bab
aaa b b bbababb aba b
aaa b bb b a b a b b a b a b
aaa b bb b a b a b b a bab
aaa b bb b a b a b b aba b
aaa b bb b a b a b bab a b
aaa b bb b a b a b babab
aaa b bb b a b a bb a b a b
aaa b bb b a b a bb a bab
aaa b bb b a b a bb aba b
aaa b bb b a b abba b a b
aaa b bb b a b abba bab
aaa b bb b a bab b a b a b
aaa b bb b a bab b a bab
aaa b bb b a bab b aba b
aaa b bb b a bab bab a b
aaa b bb b a bab babab
aaa b bb b a babbab a b
aaa b bb b aba b b a b a b
aaa b bb b aba b b a bab
aaa b bb b aba b b aba b
aaa b bb b aba b bab a b
aaa b bb b aba b babab
aaa b bb b aba bb a b a b
aaa b bb b aba bb a bab
aaa b bb b aba bb aba b
aaa b bb b ababbaba b
aaa b bb bab a b b a b a b
aaa b bb bab a b b a bab
aaa b bb bab a b b aba b
aaa b bb bab a b bab a b
aaa b bb bab a b babab
aaa b bb bab a bb a b a b
aaa b bb bab a bb a bab
aaa b bb bab a bb aba b
aaa b bb bab abba b a b
aaa b bb bab abba bab
aaa b bb babab b a b a b
aaa b bb babab b a bab
aaa b bb babab b aba b
aaa b bb babab bab a b
aaa b bb babab babab
aaa b bb bababbabab
aaa b bbb a b a b b a b a b
aaa b bbb a b a b b a bab
aaa b bbb a b a b b aba b
aaa b bbb a b a b bab a b
aaa b bbb a b a b babab
aaa b bbb a b a bb a b a b
aaa b bbb a b a bb a bab
aaa b bbb a b a bb aba b
aaa b bbb a b abba b a b
aaa b bbb a b abba bab
aaa b bbb a bab b a b a b
aaa b bbb a bab b a bab
aaa b bbb a bab b aba b
aaa b bbb a bab bab a b
aaa b bbb a bab babab
aaa b bbb a babbab a b
aaa b bbb aba b b a b a b
aaa b bbb aba b b a bab
aaa b bbb aba b b aba b
aaa b bbb aba b bab a b
aaa b bbb aba b babab
aaa b bbb aba bb a b a b
aaa b bbb aba bb a bab
aaa b bbb aba bb aba b
aaa b bbb ababbaba b
aaa bb b b a b a b b a b a b
aaa bb b b a b a b b a bab
aaa bb b b a b a b b aba b
aaa bb b b a b a b bab a b
aaa bb b b a b a b babab
aaa bb b b a b a bb a b a b
aaa bb b b a b a bb a bab
aaa bb b b a b a bb aba b
aaa bb b b a b abba b a b
aaa bb b b a b abba bab
aaa bb b b a bab b a b a b
aaa bb b b a bab b a bab
aaa bb b b a bab b aba b
aaa bb b b a bab bab a b
aaa bb b b a bab babab
aaa bb b b a babbab a b
aaa bb b b aba b b a b a b
aaa bb b b aba b b a bab
aaa bb b b aba b b aba b
aaa bb b b aba b bab a b
aaa bb b b aba b babab
aaa bb b b aba bb a b a b
aaa bb b b aba bb a bab
aaa bb b b aba bb aba b
aaa bb b b ababbaba b
aaa bb b bab a b b a b a b
aaa bb b bab a b b a bab
aaa bb b bab a b b aba b
aaa bb b bab a b bab a b
aaa bb b bab a b babab
aaa bb b bab a bb a b a b
aaa bb b bab a bb a bab
aaa bb b bab a bb aba b
aaa bb b bab abba b a b
aaa bb b bab abba bab
aaa bb b babab b a b a b
aaa bb b babab b a bab
aaa bb b babab b aba b
aaa bb b babab bab a b
aaa bb b babab babab
aaa bb b bababbabab
aaa bb bb a b a b b a b a b
aaa bb bb a b a b b a bab
aaa bb bb a b a b b aba b
aaa bb bb a b a b bab a b
aaa bb bb a b a b babab
aaa bb bb a b a bb a b a b
aaa bb bb a b a bb a bab
aaa bb bb a b a bb aba b
aaa bb bb a b abba b a b
aaa bb bb a b abba bab
aaa bb bb a bab b a b a b
aaa bb bb a bab b a bab
aaa bb bb a bab b aba b
aaa bb bb a bab bab a b
aaa bb bb a bab babab
aaa bb bb a babbab a b
aaa bb bb aba b b a b a b
aaa bb bb aba b b a bab
aaa bb bb aba b b aba b
aaa bb bb aba b bab a b
aaa bb bb aba b babab
aaa bb bb aba bb a b a b
aaa bb bb aba bb a bab
aaa bb bb aba bb aba b
aaa bb bb ababbaba b
aaa bb bbababb a b a b
aaa bb bbababb a bab
aaa bb bbababb aba b
aaa bbb b a b a b b a b a b
aaa bbb b a b a b b a bab
aaa bbb b a b a b b aba b
aaa bbb b a b a b bab a b
aaa bbb b a b a b babab
aaa bbb b a b a bb a b a b
aaa bbb b a b a bb a bab
aaa bbb b a b a bb aba b
aaa bbb b a b abba b a b
aaa bbb b a b abba bab
aaa bbb b a bab b a b a b
aaa bbb b a bab b a bab
aaa bbb b a bab b aba b
aaa bbb b a bab bab a b
aaa bbb b a bab babab
aaa bbb b a babbab a b
aaa bbb b aba b b a b a b
aaa bbb b aba b b a bab
aaa bbb b aba b b aba b
aaa bbb b aba b bab a b
aaa bbb b aba b babab
aaa bbb b aba bb a b a b
aaa bbb b aba bb a bab
aaa bbb b aba bb aba b
aaa bbb b ababbaba b
aaa bbb bab a b b a b a b
aaa bbb bab a b b a bab
aaa bbb bab a b b aba b
aaa bbb bab a b bab a b
aaa bbb bab a b babab
aaa bbb bab a bb a b a b
aaa bbb bab a bb a bab
aaa bbb bab a bb aba b
aaa bbb bab abba b a b
aaa bbb bab abba bab
aaa bbb babab b a b a b
aaa bbb babab b a bab
aaa bbb babab b aba b
aaa bbb babab bab a b
aaa bbb babab babab
aaa bbb bababbabab
aaa bbbb a b a b b a b a b
aaa bbbb a b a b b a bab
aaa bbbb a b a b b aba b
aaa bbbb a b a b bab a b
aaa bbbb a b a b babab
aaa bbbb a b a bb a b a b
aaa bbbb a b a bb a bab
aaa bbbb a b a bb aba b
aaa bbbb a b abba b a b
aaa bbbb a b abba bab
aaa bbbb a bab b a b a b
aaa bbbb a bab b a bab
aaa bbbb a bab b aba b
aaa bbbb a bab bab a b
aaa bbbb a bab babab
aaa bbbb a babbab a b
aaa bbbb aba b b a b a b
aaa bbbb aba b b a bab
aaa bbbb aba b b aba b
aaa bbbb aba b bab a b
aaa bbbb aba b babab
aaa bbbb aba bb a b a b
aaa bbbb aba bb a bab
aaa bbbb aba bb aba b
aaa bbbb ababbaba b
