9007
8428 2207
6389 8428
6062 6389
1566 6062
7357 1566
8034 7357
3282 8034
7069 3282
3452 7069
3520 3452
4643 3520
5438 4643
3098 5438
2812 3098
7407 2812
2817 7407
1387 2817
326 1387
327 326
4474 327
1927 4474
6825 1927
1679 6825
2655 1679
8585 2655
6571 8585
5926 6571
5311 5926
6627 5311
7393 6627
2807 7393
4043 2807
8110 4043
2622 8110
4056 2622
2593 4056
5063 2593
6543 5063
3581 6543
2291 3581
7068 2291
833 7068
7972 833
1100 7972
8881 1100
4382 8881
6346 4382
6330 6346
1884 6330
4924 1884
525 4924
7568 525
1588 7568
671 1588
7122 671
1686 7122
3392 1686
983 3392
2329 983
4735 2329
7276 4735
8630 7276
3073 8630
5331 3073
1277 5331
8701 1277
3141 8701
4464 3141
5474 4464
1091 5474
2666 1091
5384 2666
7268 5384
5094 7268
6192 5094
86 6192
5133 86
6837 5133
4222 6837
3136 4222
5408 3136
1977 5408
5908 1977
5030 5908
2413 5030
7502 2413
2774 7502
5156 2774
731 5156
3766 731
6354 3766
6152 6354
8223 6152
5174 8223
5571 5174
6241 5571
6552 6241
4445 6552
1604 4445
7798 1604
803 7798
4365 803
1676 4365
2553 1676
5120 2553
6560 5120
6819 6560
8554 6819
3387 8554
3039 3387
8194 3039
8181 8194
1309 8181
5879 1309
522 5879
6478 522
2608 6478
5737 2608
1933 5737
2834 1933
978 2834
6974 978
6050 6974
6594 6050
6568 6594
4906 6568
5316 4906
3973 5316
6624 3973
4266 6624
451 4266
1485 451
6677 1485
1906 6677
4212 1906
7231 4212
2894 7231
6411 2894
4313 6411
7848 4313
6285 7848
2019 6285
7537 2019
6040 7537
680 6040
4106 680
6720 4106
2994 6720
8991 2994
1662 8991
3075 1662
1659 3075
7651 1659
6681 7651
4285 6681
1066 4285
6423 1066
7091 6423
8564 7091
4912 8564
1672 4912
2225 1672
3275 2225
4430 3275
998 4430
1138 998
626 1138
16 626
7905 16
2778 7905
1917 2778
8227 1917
738 8227
5280 738
1518 5280
852 1518
6270 852
829 6270
3770 829
5250 3770
4925 5250
5923 4925
1561 5923
2965 1561
2908 2965
3687 2908
2856 3687
4845 2856
7924 4845
8228 7924
159 8228
5657 159
3388 5657
2061 3388
2150 2061
3272 2150
8623 3272
7553 8623
2596 7553
4661 2596
559 4661
4945 559
7320 4945
997 7320
4113 997
2849 4113
3099 2849
1133 3099
6177 1133
902 6177
1002 902
6269 1002
8375 6269
50 8375
6916 50
8184 6916
772 8184
5934 772
3013 5934
3626 3013
3940 3626
1069 3940
2592 1069
4169 2592
4234 4169
874 4234
7020 874
1797 7020
8670 1797
6767 8670
8980 6767
3667 8980
5538 3667
3697 5538
7715 3697
4902 7715
5069 4902
2754 5069
472 2754
7509 472
388 7509
4127 388
3919 4127
4004 3919
6959 4004
3719 6959
7296 3719
3565 7296
8361 3565
5234 8361
8330 5234
1702 8330
1537 1702
6939 1537
5488 6939
3058 5488
721 3058
8754 721
3797 8754
8304 3797
1362 8304
1317 1362
4172 1317
4627 4172
2069 4627
5509 2069
7460 5509
3747 7460
3742 3747
5458 3742
1586 5458
7524 1586
4599 7524
6376 4599
3620 6376
3372 3620
6099 3372
6958 6099
2263 6958
6500 2263
5493 6500
5939 5493
8495 5939
8245 8495
262 8245
7260 262
7083 7260
4018 7083
8551 4018
5760 8551
1098 5760
5374 1098
7085 5374
1794 7085
570 1794
6515 570
2355 6515
4629 2355
6751 4629
5570 6751
7583 5570
7612 7583
1071 7612
8417 1071
2203 8417
8709 2203
7187 8709
3025 7187
8645 3025
2200 8645
8406 2200
329 8406
8727 329
8577 8727
7363 8577
3510 7363
3623 3510
909 3623
1280 909
4143 1280
2387 4143
5798 2387
3903 5798
3343 3903
4871 3343
636 4871
2440 636
6361 2440
845 6361
2278 845
3339 2278
6776 3339
5350 6776
2599 5350
8965 2599
1302 8965
3753 1302
2877 3753
3811 2877
8022 3811
409 8022
9001 409
1 9001
4747 1
7464 4747
3621 7464
8264 3621
8484 8264
7459 8484
4256 7459
6984 4256
737 6984
8437 737
2268 8437
4680 2268
6587 4680
1405 6587
6586 1405
6918 6586
6108 6918
1089 6108
5704 1089
471 5704
4980 471
4718 4980
2422 4718
6806 2422
7615 6806
4235 7615
1748 4235
6144 1748
6794 6144
5499 6794
8613 5499
6016 8613
2401 6016
3900 2401
5992 3900
5528 5992
670 5528
7691 670
4539 7691
1441 4539
3352 1441
1979 3352
4411 1979
6053 4411
6791 6053
2981 6791
1762 2981
5223 1762
8146 5223
640 8146
2642 640
7961 2642
7214 7961
8290 7214
2602 8290
4421 2602
3348 4421
1650 3348
8941 1650
8641 8941
1120 8641
23 1120
6052 23
2474 6052
7389 2474
3377 7389
1825 3377
6343 1825
3654 6343
4090 3654
5961 4090
1220 5961
8503 1220
152 8503
1410 152
5535 1410
2385 5535
2600 2385
4010 2600
1390 4010
1830 1390
1535 1830
7385 1535
5308 7385
1477 5308
5140 1477
5104 5140
2514 5104
230 2514
753 230
938 753
3029 938
3449 3029
7433 3449
6620 7433
2093 6620
8226 2093
2938 8226
8282 2938
2041 8282
6304 2041
8570 6304
5673 8570
5052 5673
2972 5052
8243 2972
1210 8243
2437 1210
5761 2437
6296 5761
6027 6296
2154 6027
7535 2154
3943 7535
7706 3943
5464 7706
3537 5464
2709 3537
8313 2709
8856 8313
1800 8856
6159 1800
5373 6159
4756 5373
3000 4756
5149 3000
2420 5149
5349 2420
6399 5349
5371 6399
8571 5371
3322 8571
4987 3322
6933 4987
2987 6933
7229 2987
6774 7229
2911 6774
2239 2911
6915 2239
4964 6915
5937 4964
4119 5937
5427 4119
1495 5427
953 1495
7301 953
6706 7301
2083 6706
8005 2083
2929 8005
335 2929
1073 335
7699 1073
3285 7699
54 3285
3214 54
4428 3214
7700 4428
2192 7700
8043 2192
7826 8043
7208 7826
2983 7208
393 2983
4983 393
3444 4983
4375 3444
8176 4375
6883 8176
4013 6883
949 4013
5083 949
7638 5083
6673 7638
2293 6673
4268 2293
538 4268
1820 538
7288 1820
7399 7288
8639 7399
8823 8639
342 8823
1252 342
8543 1252
5664 8543
5313 5664
5717 5313
4564 5717
3912 4564
8655 3912
6360 8655
4645 6360
7939 4645
534 7939
8798 534
5847 8798
6398 5847
2088 6398
163 2088
5948 163
2234 5948
6838 2234
4475 6838
4425 4475
7662 4425
3299 7662
5825 3299
1117 5825
7522 1117
4700 7522
8130 4700
7010 8130
6054 7010
4139 6054
1763 4139
6772 1763
3014 6772
4569 3014
500 4569
4320 500
2750 4320
3233 2750
5228 3233
7792 5228
7629 7792
7191 7629
1395 7191
4644 1395
6868 4644
4181 6868
6988 4181
8310 6988
6385 8310
2683 6385
5502 2683
1550 5502
597 1550
8704 597
8713 8704
7678 8713
1103 7678
5159 1103
5092 5159
248 5092
4424 248
3441 4424
934 3441
5492 934
2819 5492
4948 2819
8187 4948
1470 8187
1719 1470
3179 1719
1592 3179
5799 1592
3798 5799
8780 3798
5752 8780
1207 5752
7594 1207
4752 7594
8938 4752
4848 8938
788 4848
8688 788
1732 8688
7435 1732
545 7435
7811 545
6499 7811
810 6499
231 810
3583 231
8011 3583
1704 8011
7923 1704
1248 7923
2223 1248
6477 2223
5298 6477
6147 5298
2670 6147
308 2670
5203 308
6763 5203
5754 6763
5784 5754
2036 5784
5496 2036
1740 5496
6486 1740
1827 6486
2886 1827
6199 2886
5781 6199
1924 5781
1144 1924
6511 1144
4347 6511
5562 4347
1226 5562
1384 1226
7415 1384
6128 7415
1573 6128
4007 1573
2498 4007
4185 2498
3115 4185
8140 3115
6550 8140
4614 6550
8799 4614
8390 8799
2998 8390
1243 2998
6293 1243
3485 6293
4124 3485
7621 4124
4753 7621
5462 4753
1925 5462
6679 1925
3763 6679
3902 3763
1976 3902
1613 1976
7750 1613
7814 7750
694 7814
3630 694
7633 3630
5389 7633
2417 5389
2943 2417
4032 2943
3097 4032
6089 3097
6583 6089
1509 6583
499 1509
504 499
1780 504
3723 1780
7959 3723
5054 7959
2897 5054
6801 2897
5834 6801
7152 5834
1329 7152
3359 1329
7116 3359
8203 7116
1668 8203
2953 1668
5565 2953
496 5565
4702 496
5147 4702
2054 5147
3972 2054
4340 3972
6119 4340
3049 6119
8879 3049
8170 8879
2057 8170
6390 2057
1278 6390
2075 1278
2206 2075
3121 2206
1503 3121
1860 1503
8278 1860
2458 8278
1737 2458
2301 1737
4869 2301
3607 4869
7369 3607
6804 7369
7334 6804
4403 7334
1266 4403
8166 1266
4465 8166
2896 4465
5688 2896
4560 5688
3355 4560
2521 3355
6757 2521
2653 6757
3769 2653
2667 3769
7341 2667
8338 7341
8563 8338
189 8563
1295 189
2033 1295
1816 2033
1904 1816
2951 1904
5500 2951
1888 5500
8648 1888
8883 8648
2494 8883
826 2494
5486 826
6459 5486
2878 6459
1385 2878
421 1385
5886 421
107 5886
4891 107
4787 4891
4441 4787
3670 4441
116 3670
1087 116
4660 1087
7050 4660
860 7050
7175 860
3438 7175
2538 3438
3251 2538
4006 3251
7070 4006
7955 7070
8276 7955
3457 8276
646 3457
90 646
3909 90
6732 3909
3652 6732
1581 3652
221 1581
1393 221
5507 1393
5026 5507
7154 5026
3394 7154
8001 3394
7597 8001
4355 7597
4828 4355
5355 4828
4681 5355
5139 4681
2209 5139
2330 2209
4176 2330
137 4176
8018 137
169 8018
2548 169
602 2548
2627 602
2861 2627
7259 2861
1244 7259
5191 1244
7305 5191
70 7305
6685 70
3026 6685
319 3026
5751 319
6276 5751
8974 6276
1213 8974
5504 1213
5855 5504
7732 5855
5689 7732
2632 5689
2445 2632
5255 2445
5340 5255
2460 5340
1195 2460
8741 1195
8745 8741
7767 8745
8757 7767
6046 8757
2822 6046
8933 2822
7125 8933
7640 7125
2665 7640
3088 2665
2288 3088
2117 2288
2835 2117
7614 2835
5032 7614
1345 5032
2544 1345
3959 2544
8797 3959
2556 8797
8841 2556
5194 8841
8580 5194
6210 8580
2808 6210
1192 2808
639 1192
6351 639
7165 6351
1602 7165
2429 1602
3793 2429
3756 3793
6724 3756
8164 6724
1232 8164
8142 1232
756 8142
1012 756
7540 1012
3640 7540
5302 3640
8632 5302
1747 8632
1934 1747
464 1934
5640 464
6858 5640
7947 6858
212 7947
1966 212
2803 1966
685 2803
2405 685
1275 2405
1041 1275
7095 1041
7756 7095
455 7756
5278 455
5989 5278
5835 5989
5329 5835
276 5329
4626 276
4624 4626
1020 4624
669 1020
8682 669
2407 8682
6814 2407
1807 6814
6263 1807
910 6263
5685 910
6536 5685
2829 6536
3180 2829
4659 3180
4590 4659
8347 4590
1432 8347
6134 1432
2027 6134
7782 2027
6448 7782
7727 6448
5226 7727
4244 5226
8744 4244
2205 8744
3113 2205
7768 3113
5827 7768
1488 5827
482 1488
1972 482
2143 1972
3260 2143
271 3260
952 271
6239 952
7564 6239
5436 7564
1204 5436
7252 1204
5731 7252
6196 5731
797 6196
1312 797
7082 1312
4500 7082
4084 4500
4368 4084
4361 4368
3985 4361
4271 3985
2941 4271
7625 2941
6036 7625
7371 6036
3328 7371
6708 3328
355 6708
8418 355
6659 8418
3291 6659
5706 3291
6956 5706
2699 6956
2824 2699
4821 2824
6683 4821
5001 6683
8287 5001
1364 8287
255 1364
1967 255
630 1967
4634 630
5610 4634
3887 5610
4973 3887
2162 4973
1167 2162
350 1167
8549 350
222 8549
1988 222
1517 1988
3750 1517
758 3750
2226 758
3242 2226
6280 3242
5066 6280
5118 5066
8328 5118
7983 8328
7200 7983
1257 7200
3460 1257
1849 3460
7530 1849
6603 7530
5903 6603
4985 5903
1744 4985
7051 1744
7283 7051
399 7283
5914 399
7601 5914
427 7601
2005 427
6400 2005
2370 6400
3932 2370
6581 3932
5122 6581
7547 5122
6206 7547
475 6206
8738 475
8476 8738
8294 8476
7532 8294
281 7532
4353 281
1260 4353
1187 1260
7143 1187
8489 7143
2104 8489
6923 2104
1507 6923
253 1507
2789 253
4729 2789
3541 4729
1358 3541
5776 1358
6997 5776
7776 6997
7895 7776
6162 7895
6284 6162
7144 6284
8889 7144
8513 8889
2731 8513
2663 2731
8808 2663
325 8808
2302 325
5814 2302
164 5814
4632 164
1141 4632
2875 1141
3606 2875
8180 3606
8507 8180
2468 8507
7169 2468
8924 7169
1960 8924
8023 1960
7432 8023
5144 7432
3805 5144
1219 3805
7533 1219
4463 7533
8750 4463
3001 8750
6355 3001
4103 6355
4505 4103
6394 4505
857 6394
3096 857
105 3096
3588 105
821 3588
4406 821
8986 4406
8396 8986
6993 8396
8910 6993
2090 8910
7353 2090
337 7353
5718 337
8341 5718
4038 8341
333 4038
3810 333
8942 3810
8299 8942
3455 8299
7494 3455
3908 7494
1130 3908
5651 1130
6748 5651
6314 6748
4357 6314
8143 4357
2946 8143
4654 2946
7545 4654
7314 7545
6944 7314
1710 6944
8419 1710
3067 8419
2601 3067
1853 2601
2218 1853
8156 2218
5966 8156
5238 5966
1185 5238
4092 1185
1690 4092
7331 1690
1300 7331
1658 1300
8398 1658
5056 8398
2652 5056
882 2652
6048 882
8028 6048
1538 8028
7515 1538
7726 7515
3552 7726
3229 3552
3966 3229
7084 3966
1787 7084
6309 1787
6607 6309
7697 6607
2126 7697
4161 2126
7081 4161
3445 7081
3986 3445
4990 3986
2046 4990
5723 2046
8696 5723
4716 8696
8913 4716
1258 8913
2211 1258
7155 2211
2643 7155
4582 2643
583 4582
1955 583
8101 1955
1199 8101
1813 1199
5241 1813
1304 5241
672 1304
4890 672
5675 4890
750 5675
2181 750
7167 2181
1524 7167
5074 1524
4067 5074
5856 4067
6472 5856
1746 6472
6332 1746
5309 6332
7358 5309
1634 7358
8055 1634
1037 8055
7579 1037
96 7579
7807 96
386 7807
8399 386
1119 8399
824 1119
8832 824
7529 8832
2254 7529
5975 2254
224 5975
5469 224
5987 5469
7409 5987
269 7409
2975 269
8207 2975
3277 8207
266 3277
8537 266
5545 8537
7818 5545
2064 7818
5682 2064
4532 5682
1775 4532
2584 1775
199 2584
4833 199
8504 4833
1161 8504
1565 1161
1826 1565
7956 1826
1382 7956
980 1382
2137 980
3514 2137
5762 3514
8729 5762
5345 8729
8115 5345
8619 8115
4705 8619
8246 4705
1051 8246
8624 1051
2990 8624
1299 2990
3832 1299
4426 3832
4123 4426
8326 4123
5880 8326
7623 5880
3892 7623
146 3892
871 146
4565 871
3210 4565
4089 3210
667 4089
2906 667
7639 2906
5785 7639
8159 5785
6805 8159
2127 6805
8456 2127
5387 8456
6420 5387
2331 6420
1205 2331
4938 1205
5641 4938
4730 5641
8685 4730
8936 8685
3758 8936
1022 3758
4197 1022
7753 4197
7734 7753
1555 7734
6470 1555
6847 6470
921 6847
8478 921
7677 8478
7308 7677
8621 7308
5646 8621
6337 5646
8574 6337
5575 8574
5304 5575
3546 5304
1951 3546
2511 1951
8807 2511
2216 8807
2501 2216
8048 2501
6439 8048
7676 6439
1623 7676
3220 1623
2813 3220
7458 2813
4861 7458
2157 4861
4580 2157
8421 4580
3743 8421
4998 3743
2298 4998
4023 2298
5979 4023
1427 5979
2564 1427
8204 2564
4322 8204
7345 4322
3373 7345
4118 3373
3294 4118
2551 3294
6387 2551
7216 6387
1647 7216
8217 1647
4456 8217
3633 4456
2535 3633
6817 2535
4696 6817
8662 4696
4955 8662
2442 4955
7400 2442
5582 7400
951 5582
6530 951
2470 6530
5292 2470
7482 5292
1198 7482
5478 1198
7015 5478
4887 7015
6412 4887
1080 6412
3899 1080
554 3899
2565 554
6261 2565
3342 6261
7570 3342
6723 7570
4607 6723
3530 4607
7157 3530
4081 7157
6324 4081
127 6324
6045 127
3532 6045
5912 3532
2346 5912
1728 2346
1664 1728
6153 1664
8460 6153
2688 8460
924 2688
6703 924
4933 6703
2805 4933
4336 2805
5984 4336
7377 5984
3934 7377
5346 3934
1869 5346
3898 1869
1196 3898
7512 1196
8012 7512
2107 8012
5513 2107
5482 5513
7741 5482
8927 7741
6010 8927
2549 6010
866 2549
5922 866
7577 5922
3465 7577
6654 3465
5759 6654
5376 5759
5114 5376
5240 5114
1262 5240
1009 1262
6414 1009
373 6414
8937 373
3453 8937
6634 3453
5995 6634
1589 5995
1021 1589
6383 1021
5491 6383
3314 5491
147 3314
6577 147
2177 6577
8134 2177
7717 8134
8882 7717
4202 8882
5196 4202
576 5196
2563 576
7281 2563
1031 7281
5655 1031
6349 5655
8413 6349
4677 8413
6138 4677
3886 6138
6228 3886
7820 6228
7954 7820
8773 7954
5925 8773
8758 5925
3895 8758
5358 3895
7007 5358
4263 7007
7834 4263
1421 7834
7637 1421
2723 7637
8157 2723
7737 8157
3134 7737
2320 3134
3502 2320
4963 3502
4246 4963
7635 4246
3081 7635
567 3081
1708 567
5365 1708
437 5365
4014 437
339 4014
1563 339
5372 1563
2281 5372
2697 2281
6226 2697
7159 6226
6674 7159
7292 6674
5897 7292
3555 5897
6845 3555
1327 6845
1644 1327
3307 1644
5323 3307
5697 5323
1417 5697
2626 1417
4342 2626
3545 4342
3080 3545
6643 3080
5479 6643
1140 5479
8129 1140
1784 8129
1727 1784
2345 1727
3563 2345
5536 3563
5940 5536
4433 5940
662 4433
8188 662
3160 8188
582 3160
5988 582
8111 5988
7213 8111
7120 7213
7832 7120
423 7832
1768 423
4484 1768
1583 4484
2889 1583
6935 2889
8435 6935
3477 8435
4400 3477
941 4400
3997 941
1407 3997
8222 1407
7133 8222
3739 7133
5402 3739
7184 5402
6363 7184
7269 6363
5850 7269
7255 5850
4672 7255
3320 4672
2132 3320
2631 2132
2732 2631
5391 2732
717 5391
4693 717
7492 4693
2880 7492
1891 2880
3936 1891
1802 3936
7576 1802
6921 7576
2876 6921
2846 2876
7300 2846
1751 7300
2926 1751
7196 2926
981 7196
7423 981
5207 7423
4894 5207
7539 4894
3708 7539
1974 3708
6137 1974
4562 6137
5508 4562
7443 5508
1346 7443
3297 1346
6277 3297
7930 6277
3863 7930
7290 3863
5400 7290
7382 5400
1099 7382
6388 1099
2576 6388
3795 2576
5819 3795
799 5819
4573 799
7434 4573
1285 7434
5465 1285
1578 5465
5413 1578
5727 5413
7546 5727
6405 7546
1512 6405
1150 1512
4916 1150
4679 4916
5059 4679
999 5059
5742 999
3169 5742
5245 3169
4047 5245
8666 4047
2932 8666
8533 2932
6897 8533
1083 6897
3399 1083
5181 3399
7736 5181
4216 7736
3194 4216
1307 3194
3699 1307
5587 3699
1610 5587
1790 1610
5649 1790
6726 5649
7853 6726
7944 7853
7523 7944
7857 7523
1284 7857
3244 1284
770 3244
1359 770
1970 1359
2344 1970
2210 2344
8449 2210
6366 8449
1460 6366
5882 1460
2065 5882
621 2065
7674 621
8126 7674
5172 8126
46 5172
4196 46
5434 4196
6404 5434
8759 6404
3361 8759
5378 3361
4330 5378
1160 4330
5363 1160
5209 5363
73 5209
577 73
3010 577
6655 3010
3271 6655
6273 3271
462 6273
8216 462
1882 8216
3102 1882
818 3102
4306 818
2963 4306
6065 2963
6754 6065
4269 6754
6519 4269
5096 6519
3993 5096
6559 3993
5985 6559
5481 5985
2890 5481
2513 2890
2881 2513
7008 2881
2920 7008
886 2920
4703 886
4997 4703
5510 4997
1674 5510
5411 1674
1545 5411
483 1545
1404 483
4385 1404
8438 4385
3852 8438
4958 3852
245 4958
3573 245
6698 3573
1186 6698
5243 1186
6710 5243
6132 6710
5970 6132
1712 5970
2006 1712
6272 2006
3311 6272
1137 3311
8558 1137
6626 8558
6146 6626
8422 6146
3524 8422
5310 3524
7042 5310
8030 7042
512 8030
6686 512
1699 6686
8098 1699
5123 8098
2841 5123
6750 2841
5889 6750
8105 5889
4806 8105
6950 4806
7733 6950
7981 7733
6823 7981
4832 6823
2039 4832
3030 2039
7243 3030
2976 7243
8820 2976
3706 8820
7426 3706
2656 7426
598 2656
3144 598
6986 3144
4556 6986
3885 4556
6336 3885
4094 6336
887 4094
3713 887
7672 3713
1279 7672
4472 1279
2146 4472
5558 2146
5533 5558
508 5533
3068 508
5546 3068
6972 5546
8867 6972
6727 8867
3458 6727
7030 3458
4605 7030
6030 4605
918 6030
2258 918
176 2258
7028 176
562 7028
4243 562
1985 4243
5271 1985
304 5271
1024 304
8014 1024
4076 8014
6834 4076
7373 6834
6468 7373
903 6468
370 903
6670 370
8521 6670
5152 8521
144 5152
1480 144
8224 1480
5450 8224
5899 5450
7716 5899
4616 7716
6034 4616
4308 6034
5920 4308
3653 5920
7977 3653
5892 7977
6494 5892
173 6494
3186 173
1473 3186
760 1473
8680 760
4837 8680
521 4837
5772 521
6415 5772
7455 6415
2925 7455
1695 2925
1467 1695
2512 1467
1958 2512
3812 1958
524 3812
5506 524
6315 5506
6640 6315
2222 6640
1296 2222
588 1296
7766 588
8500 7766
8308 8500
5068 8308
6765 5068
1513 6765
1286 1513
4307 1286
3876 4307
2658 3876
7403 2658
3140 7403
8471 3140
4537 8471
840 4537
8907 840
8589 8907
4785 8589
536 4785
1579 536
4140 1579
3617 4140
4182 3617
1854 4182
1419 1854
2463 1419
1962 2463
827 1962
5996 827
5703 5996
3709 5703
6871 3709
8231 6871
8145 8231
5775 8145
4741 5775
3223 4741
1645 3223
5472 1645
3968 5472
6462 3968
2918 6462
4913 2918
1846 4913
8057 1846
3594 8057
4966 3594
4518 4966
7442 4518
4281 7442
6917 4281
4751 6917
8606 4751
8721 8606
7230 8721
5108 7230
8492 5108
3027 8492
4781 3027
2919 4781
180 2919
8062 180
2252 8062
2326 2252
8175 2326
1785 8175
4970 1785
7059 4970
1572 7059
8446 1572
6396 8446
8775 6396
3698 8775
6784 3698
6393 6784
7026 6393
4863 7026
4690 4863
4449 4690
4846 4449
2924 4846
1628 2924
4682 1628
3227 4682
5380 3227
3549 5380
6174 3549
2374 6174
8125 2374
4506 8125
3677 4506
3071 3677
1806 3071
6737 1806
8675 6737
8884 8675
4237 8884
768 4237
5521 768
7655 5521
900 7655
4345 900
7032 4345
8255 7032
3561 8255
5296 3561
8822 5296
2843 8822
4434 2843
2402 4434
4064 2402
5658 4064
1046 5658
8973 1046
8092 8973
7897 8092
8602 7897
4802 8602
3228 4802
5141 3228
552 5141
2339 552
3572 2339
3506 3572
2868 3506
1931 2868
3149 1931
4305 3149
7997 4305
6786 7997
8955 6786
4588 8955
8201 4588
6118 8201
6816 6118
1413 6816
5842 1413
274 5842
3183 274
560 3183
3103 560
8038 3103
1463 8038
8653 1463
8804 8653
309 8804
795 309
5764 795
6592 5764
8423 6592
3864 8423
8598 3864
3700 8598
2122 3700
4575 2122
8075 4575
7562 8075
8042 7562
8614 8042
4177 8614
642 4177
5666 642
2686 5666
1605 2686
5674 1605
8886 5674
2269 8886
3084 2269
6687 3084
2142 6687
2394 2142
8059 2394
722 8059
7705 722
6085 7705
2235 6085
6547 2235
4574 6547
7531 4574
2366 7531
6942 2366
5632 6942
5859 5632
2151 5859
846 2151
6229 846
3801 6229
4858 3801
3117 4858
2710 3117
3408 2710
3867 3408
7112 3867
6156 7112
7055 6156
8815 7055
7387 8815
6442 7387
1268 6442
8316 1268
992 8316
8003 992
8948 8003
6014 8948
8608 6014
5846 8608
2977 5846
4658 2977
2964 4658
4820 2964
4536 4820
609 4536
7528 609
411 7528
3131 411
822 3131
322 822
2715 322
3145 2715
8960 3145
8835 8960
3791 8835
786 3791
5628 786
4715 5628
4152 4715
47 4152
2958 47
186 2958
888 186
3788 888
6321 3788
6980 6321
5687 6980
2052 5687
8981 2052
4600 8981
6590 4600
7151 6590
3202 7151
7113 3202
5135 7113
7650 5135
2721 7650
8784 2721
277 8784
8297 277
3057 8297
7060 3057
4996 7060
1617 4996
8584 1617
3284 8584
8836 3284
7520 8836
1799 7520
1675 1799
3550 1675
4570 3550
2129 4570
3070 2129
8542 3070
2830 8542
149 2830
2388 149
8329 2388
3086 8329
8370 3086
3669 8370
4422 3669
1681 4422
7383 1681
1159 7383
6856 1159
5395 6856
3570 5395
1670 3570
6004 1670
4371 6004
6114 4371
2031 6114
1224 2031
6869 1224
8320 6869
5586 8320
2313 5586
705 2313
7362 705
4525 7362
2745 4525
3897 2745
3159 3897
385 3159
2456 385
7735 2456
2144 7735
4483 2144
2279 4483
5257 2279
2567 5257
1879 2567
2793 1879
125 2793
3528 125
2003 3528
4448 2003
3402 4448
2215 3402
2197 2215
4622 2197
8839 4622
6377 8839
969 6377
3503 969
5872 3503
3729 5872
139 3729
383 139
5403 383
6578 5403
881 6578
6175 881
3816 6175
7378 3816
2618 7378
2761 2618
2386 2761
261 2386
4021 261
8706 4021
431 8706
5473 431
83 5473
8719 83
3717 8719
4649 3717
5713 4649
8865 5713
5437 8865
3960 5437
968 3960
8838 968
4543 8838
2189 4543
5824 2189
808 5824
6864 808
5793 6864
5146 5793
2335 5146
3799 2335
7132 3799
6947 7132
432 6947
3872 432
338 3872
4759 338
3230 4759
465 3230
3720 465
264 3720
2158 264
6962 2158
6860 6962
6953 6860
7874 6953
7581 7874
5994 7581
697 5994
8833 697
2675 8833
5432 2675
5574 5432
4457 5574
8071 4457
4257 8071
2022 4257
5416 2022
8109 5416
6862 8109
4001 6862
1316 4001
8149 1316
5057 8149
2997 5057
1687 2997
8467 1687
1975 8467
1539 1975
5025 1539
8248 5025
284 8248
3482 284
4072 3482
3471 4072
710 3471
2356 710
1281 2356
3644 1281
5896 3644
3020 5896
5049 3020
2718 5049
817 2718
5804 817
641 5804
7773 641
7708 7773
8021 7708
5977 8021
7086 5977
2134 7086
1095 2134
6826 1095
7486 6826
5599 7486
964 5599
6622 964
5166 6622
4905 5166
2784 4905
4108 2784
571 4108
6350 571
2967 6350
7647 2967
8481 7647
7855 8481
439 7855
8870 439
8464 8870
4036 8464
8565 4036
2198 8565
473 2198
8592 473
3813 8592
5567 3813
6714 5567
1814 6714
2040 1814
3655 2040
6505 3655
298 6505
3083 298
5440 3083
6696 5440
5601 6696
2806 5601
1540 2806
8940 1540
4801 8940
3638 4801
103 3638
6493 103
6662 6493
460 6662
1920 460
8800 1920
7958 8800
4604 7958
2730 4604
8072 2730
3167 8072
7101 3167
6851 7101
1453 6851
2874 1453
6028 2874
1591 6028
520 1591
8268 520
660 8268
7000 660
4884 7000
6333 4884
4608 6333
632 4608
3410 632
6025 3410
8212 6025
297 8212
5396 297
622 5396
3109 622
1008 3109
131 1008
8119 131
6116 8119
2954 6116
5351 2954
7554 5351
8339 7554
804 8339
7627 804
8806 7627
3732 8806
3479 3732
6728 3479
5075 6728
2430 5075
6549 2430
7194 6549
1177 7194
8929 1177
816 8929
6901 816
1587 6901
351 1587
6417 351
970 6417
8819 970
869 8819
932 869
1223 932
2869 1223
2000 2869
8497 2000
5220 8497
447 5220
8409 447
7913 8409
5981 7913
4524 5981
1331 4524
6232 1331
117 6232
6894 117
2700 6894
1305 2700
8095 1305
6188 8095
2338 6188
7244 2338
1948 7244
3804 1948
4115 3804
3124 4115
6365 3124
8120 6365
1845 8120
5158 1845
207 5158
7911 207
6882 7911
986 6882
1176 986
3777 1176
8778 3777
4561 8778
321 4561
4051 321
4951 4051
1228 4951
8694 1228
3065 8694
7064 3065
5605 7064
8642 5605
129 8642
1983 129
7418 1983
2202 7418
825 2202
4057 825
187 4057
6580 187
7840 6580
3616 7840
8536 3616
5840 8536
4431 5840
7899 4431
792 7899
4684 792
7711 4684
2945 7711
420 2945
8966 420
4534 8966
5539 4534
3152 5539
2569 3152
1201 2569
5045 1201
6357 5045
645 6357
7858 645
1758 7858
4277 1758
1892 4277
7489 1892
7827 7489
8876 7827
549 8876
3484 549
3796 3484
3054 3796
2109 3054
4109 2109
3987 4109
168 3987
6402 168
1397 6402
7903 1397
357 7903
443 357
2264 443
3884 2264
2516 3884
3261 2516
4029 3261
1217 4029
21 1217
555 21
2900 555
3540 2900
6097 3540
2669 6097
2285 2669
8232 2285
2950 8232
4620 2950
7232 4620
2380 7232
7219 2380
8869 7219
3018 8869
8197 3018
8443 8197
5151 8443
880 5151
6021 880
3927 6021
8359 3927
649 8359
3037 649
8112 3037
324 8112
3241 324
3787 3241
3755 3787
7978 3755
5969 7978
2598 5969
3888 2598
7787 3888
3305 7787
6212 3305
2296 6212
7915 2296
1048 7915
3647 1048
407 3647
859 407
517 859
2289 517
8333 2289
6565 8333
1032 6565
2080 1032
7217 2080
3306 7217
6575 3306
3984 6575
1448 3984
6329 1448
7940 6329
6521 7940
5668 6521
5836 5668
7440 5836
4879 7440
4318 4879
283 4318
6096 283
8407 6096
5818 8407
228 5818
2350 228
831 2350
2304 831
3369 2304
4344 3369
3982 4344
5284 3982
4815 5284
5062 4815
5515 5062
6937 5515
1411 6937
2695 1411
133 2695
4544 133
5696 4544
1625 5696
2166 1625
1240 2166
8210 1240
6364 8210
1947 6364
8848 1947
4617 8848
2557 4617
2147 2557
8183 2147
7454 8183
387 7454
7386 387
3950 7386
3615 3950
4069 3615
977 4069
5947 977
3890 5947
7491 3890
1242 7491
5105 1242
8898 5105
1497 8898
2325 1497
7846 2325
655 7846
5236 655
516 5236
2270 516
6827 2270
397 6827
6386 397
4328 6386
5725 4328
4897 5725
8546 4897
3112 8546
4853 3112
1654 4853
6800 1654
4598 6800
618 4598
436 618
5259 436
1282 5259
7384 1282
5116 7384
1551 5116
2155 1551
785 2155
6202 785
8749 6202
7843 8749
4283 7843
7467 4283
987 7467
4713 987
5165 4713
2839 5165
4052 2839
5555 4052
2073 5555
2187 2073
8760 2187
3672 8760
8070 3672
3052 8070
8379 3052
6910 8379
7179 6910
1075 7179
8172 1075
7061 8172
6233 7061
1649 6233
8391 1649
5459 8391
1361 5459
8540 1361
6446 8540
6704 6446
5544 6704
8567 5544
1388 8567
4514 1388
723 4514
3613 723
3862 3613
8922 3862
2991 8922
765 2991
8864 765
4033 8864
6694 4033
5929 6694
3651 5929
5867 3651
1426 5867
3964 1426
4746 3964
5320 4746
5065 5320
4341 5065
919 4341
4805 919
2610 4805
5367 2610
5809 5367
5766 5809
8654 5766
1149 8654
7571 1149
2043 7571
4780 2043
5629 4780
406 5629
7784 406
2024 7784
3726 2024
2915 3726
7402 2915
2758 7402
8380 2758
6104 8380
1153 6104
4155 1153
4390 4155
793 4390
4058 793
1180 4058
4839 1180
6279 4839
4726 6279
8988 4726
7876 8988
1692 7876
6616 1692
2999 6616
8756 2999
7724 8756
747 7724
2168 747
890 2168
4898 890
1494 4898
2671 1494
273 2671
79 273
223 79
2489 223
4339 2489
5253 4339
4467 5253
5288 4467
1875 5288
8919 1875
4213 8919
4323 4213
7090 4323
6709 7090
3105 6709
5959 3105
8609 5959
3568 8609
7599 3568
7099 7599
8625 7099
1678 8625
3505 1678
1234 3505
2532 1234
5870 2532
3837 5870
3321 3837
1259 3321
6458 1259
2303 6458
2725 2303
8582 2725
1171 8582
5963 1171
1269 5963
170 1269
6612 170
2692 6612
8354 2692
6069 8354
6889 6069
30 6889
4110 30
851 4110
2240 851
3935 2240
4049 3935
3817 4049
476 3817
7158 476
2029 7158
3240 2029
4396 3240
4354 4396
3893 4354
4946 3893
2319 4946
3624 2319
8086 3624
2879 8086
1841 2879
701 1841
8335 701
6495 8335
3400 6495
2119 3400
7719 2119
1689 7719
1926 1689
7036 1926
7141 7036
966 7141
616 966
2262 616
5540 2262
1298 5540
4606 1298
5290 4606
122 5290
7881 122
6015 7881
5457 6015
6335 5457
3803 6335
8793 3803
922 8793
7974 922
730 7974
1474 730
855 1474
2566 855
6617 2566
2343 6617
8106 2343
7989 8106
5036 7989
2478 5036
3442 2478
2497 3442
3133 2497
210 3133
4571 210
5441 4571
4492 5441
5592 4492
1445 5592
1718 1445
6032 1718
6407 6032
4199 6407
8049 4199
6426 8049
1229 6426
8024 1229
1313 8024
3319 1313
3264 3319
7261 3264
1402 7261
4042 1402
8826 4042
8348 8826
5252 8348
8027 5252
7917 8027
1559 7917
3063 1559
2001 3063
1372 2001
6179 1372
2722 6179
6049 2722
4226 6049
282 4226
8541 282
3143 8541
8051 3143
1481 8051
14 1481
8720 14
5007 8720
7951 5007
3345 7951
4793 3345
629 4793
4408 629
7424 4408
1998 7424
526 1998
4686 526
3008 4686
8535 3008
7569 8535
7984 7569
2533 7984
3980 2533
8906 3980
509 8906
7574 509
3585 7574
7929 3585
2286 7929
4908 2286
7295 4908
8637 7295
4206 8637
4995 4206
1940 4995
4297 1940
8779 4297
6200 8779
6872 6200
8408 6872
77 8408
7329 77
2910 7329
8 2910
478 8
4975 478
995 4975
3032 995
2552 3032
100 2552
957 100
4442 957
268 4442
5053 268
5863 5053
6029 5863
312 6029
3488 312
6857 3488
5613 6857
709 5613
5414 709
798 5414
4209 798
4734 4209
543 4734
2764 543
2944 2764
148 2944
4929 148
5853 4929
1175 5853
3189 1175
961 3189
1088 961
311 1088
4253 311
2844 4253
229 2844
8502 229
5844 8502
8861 5844
2712 8861
62 2712
2193 62
3776 2193
1666 3776
8810 1666
6301 8810
2094 6301
8529 2094
4289 8529
4159 4289
6731 4159
8782 6731
2360 8782
8987 2360
1911 8987
1320 1911
625 1320
3450 625
7220 3450
7134 7220
3965 7134
4862 3965
123 4862
93 123
2416 93
7495 2416
3365 7495
7119 3365
7918 7119
8434 7918
3849 8434
8167 3849
5860 8167
7645 5860
3436 7645
4059 3436
8465 4059
7908 8465
1575 7908
8801 1575
2362 8801
3538 2362
425 3538
3916 425
130 3916
8353 130
7919 8353
5184 7919
1155 5184
7035 1155
8700 7035
3728 8700
6504 3728
7835 6504
4855 7835
1127 4855
4274 1127
3693 4274
219 3693
3511 219
6876 3511
3891 6876
8307 3891
1459 8307
5647 1459
6166 5647
1897 6166
3178 1897
506 3178
5131 506
6428 5131
8661 6428
2629 8661
5273 2629
5489 5273
3556 5489
4262 3556
8010 4262
6866 8010
2404 6866
5542 2404
7828 5542
1774 7828
1011 1774
6205 1011
8155 6205
8747 8155
7417 8747
1145 7417
7428 1145
157 7428
2035 157
332 2035
6888 332
1671 6888
8191 1671
1805 8191
4048 1805
2259 4048
6464 2259
2507 6464
2921 2507
2755 2921
7505 2755
4260 7505
1842 4260
2860 1842
8099 2860
5169 8099
5946 5169
7847 5946
1527 7847
1544 1527
2400 1544
1548 2400
2591 1548
487 2591
2310 487
4205 2310
2174 4205
1536 2174
1029 1536
3238 1029
2048 3238
7228 2048
4389 7228
4423 4389
5576 4423
2734 5576
7033 2734
4267 7033
1297 4267
5383 1297
6334 5383
6516 6334
1250 6516
1263 1250
3114 1263
1896 3114
8785 1896
4312 8785
569 4312
4477 569
8244 4477
2481 8244
7130 2481
4892 7130
3336 4892
6223 3336
1004 6223
4731 1004
5051 4731
5018 5051
7153 5018
3724 7153
5523 3724
7630 5523
2412 7630
7272 2412
8789 7272
6927 8789
7463 6927
4589 7463
1661 4589
6743 1661
1324 6743
3815 1324
7967 3815
82 7967
5997 82
1928 5997
3440 1928
1735 3440
936 1735
6158 936
2628 6158
7274 2628
3290 7274
3208 3290
6928 3208
8479 6928
3907 8479
2882 3907
5193 2882
4535 5193
8904 4535
4131 8904
3975 4131
6190 3975
1640 6190
2305 1640
4795 2305
4107 4795
7998 4107
1636 7998
1995 1636
4882 1995
1235 4882
3526 1235
5623 3526
128 5623
68 128
7889 68
6777 7889
7263 6777
3539 7263
4418 3539
2706 4418
5839 2706
7205 5839
8315 7205
6760 8315
1798 6760
4637 1798
7018 4637
8628 7018
2243 8628
8395 2243
5286 8395
6248 5286
5695 6248
6525 5695
8975 6525
519 8975
7087 519
2641 7087
1529 2641
8342 1529
1653 8342
6372 1653
3333 6372
652 3333
5729 652
4566 5729
6127 4566
1383 6127
2261 1383
8452 2261
5577 8452
6264 5577
8742 6264
5180 8742
7624 5180
6225 7624
5683 6225
7468 5683
7180 7468
7882 7180
4062 7882
513 4062
8860 513
74 8860
7 74
3412 7
7631 3412
6678 7631
4489 6678
3847 4489
4435 3847
8400 4435
4754 8400
735 4754
5352 735
5221 5352
1844 5221
5617 1844
8891 5617
8686 8891
719 8686
19 719
812 19
2914 812
878 2914
1752 878
6149 1752
4015 6149
5379 4015
6255 5379
6637 6255
712 6637
3869 712
744 3869
1061 744
3931 1061
3043 3931
2472 3043
2311 2472
6154 2311
4813 6154
3562 4813
4034 3562
4450 4034
5475 4450
6914 5475
8547 6914
201 8547
5494 201
8017 5494
5004 8017
2118 5004
5048 2118
8185 5048
7934 8185
2183 7934
6395 2183
24 6395
7996 24
151 7996
8160 151
2612 8160
5022 2612
4065 5022
1267 4065
7160 1267
4386 7160
3004 4386
6508 3004
7525 6508
8457 7525
7870 8457
7246 7870
5512 7246
6208 5512
3462 6208
2194 3462
2372 2194
211 2372
6163 211
1990 6163
5875 1990
6854 5875
1937 6854
4011 1937
7822 4011
3857 7822
6844 3857
3475 6844
2705 3475
6510 2705
2936 6510
4451 2936
7215 4451
4192 7215
4655 4192
6533 4655
6133 6533
5276 6133
2797 5276
4401 2797
2390 4401
3344 2390
6815 3344
8677 6815
8587 8677
6697 8587
2316 6697
6217 2316
4188 6217
3662 4188
35 3662
7480 35
927 7480
6936 927
2427 6936
1132 2427
1880 1132
8994 1880
7496 8994
6645 7496
8976 6645
3245 8976
5805 3245
4873 5805
3175 4873
1677 3175
8186 1677
838 8186
1912 838
6282 1912
7438 6282
7890 7438
7108 7890
6570 7108
1105 6570
2726 1105
8356 2726
6978 8356
6434 6978
7313 6434
4904 7313
3738 4904
110 3738
8004 110
2659 8004
2633 2659
6421 2633
7016 6421
5838 7016
8249 5838
6112 8249
594 6112
2063 594
4227 2063
4376 4227
3771 4376
6614 3771
8474 6614
8733 8474
5887 8733
759 5887
1106 759
8509 1106
843 8509
3182 843
4294 3182
4974 4294
6902 4974
2340 6902
604 2340
7894 604
2942 7894
7148 2942
568 7148
861 568
4249 861
5281 4249
99 5281
5233 99
3835 5233
2188 3835
3148 2188
1817 3148
3064 1817
3751 3064
7565 3751
4931 7565
6230 4931
7267 6230
8607 7267
4178 8607
1501 4178
112 1501
7173 112
8121 7173
2214 8121
4175 2214
8616 4175
6084 8616
3744 6084
7388 3744
856 7388
1829 856
2543 1829
4184 2543
1801 4184
3142 1801
6740 3142
4878 6740
4363 4878
8946 4363
868 8946
749 868
1711 749
8309 1711
1570 8309
5452 1570
1380 5452
3280 1380
2135 3280
2337 2135
3512 2337
2433 3512
4429 2433
3283 4429
377 3283
7504 377
2768 7504
4683 2768
3072 4683
8080 3072
3734 8080
8831 3734
7731 8831
4304 7731
2696 4304
4852 2696
8902 4852
7092 8902
363 7092
5777 363
4298 5777
7097 4298
515 7097
5541 515
4842 5541
6300 4842
1292 6300
6013 1292
6451 6013
6302 6451
875 6302
6623 875
5101 6623
2072 5101
126 2072
5639 126
1663 5639
8575 1663
2025 8575
2613 2025
2724 2613
2827 2724
290 2827
1342 290
5460 1342
6288 5460
4183 6288
5952 4183
7770 5952
6569 7770
194 6569
4440 194
8371 4440
31 8371
3350 31
1534 3350
6247 1534
5354 6247
1620 5354
7588 1620
653 7588
7449 653
4854 7449
1174 4854
619 1174
7772 619
5385 7772
5821 5385
7603 5821
2684 7603
5055 2684
4935 5055
908 4935
7197 908
7182 7197
5881 7182
71 5881
2664 71
5698 2664
3383 5698
1870 3383
5168 1870
5029 5168
40 5029
3478 40
7356 3478
5138 7356
2528 5138
5837 2528
5010 5837
3093 5010
8812 3093
7312 8812
7971 7312
2845 7971
3710 2845
7178 3710
7368 7178
6095 7368
4501 6095
3696 4501
891 3696
6606 891
257 6606
6680 257
3834 6680
4909 3834
3715 4909
6638 3715
2640 6638
1549 2640
1660 1549
3156 1660
975 3156
2392 975
2620 2392
8351 2620
1876 8351
6629 1876
1238 6629
6863 1238
8470 6863
4154 8470
8031 4154
7516 8031
7916 7516
8990 7916
606 8990
3657 606
6469 3657
3951 6469
565 3951
5013 565
4757 5013
241 4757
8056 241
6063 8056
7481 6063
7412 7481
1247 7412
6529 1247
5944 6529
8230 5944
1363 8230
5012 1363
1641 5012
6729 1641
4836 6729
4991 4836
5410 4991
7654 5410
7668 7654
6392 7668
6793 6392
4278 6793
5369 4278
6608 5369
7181 6608
3375 7181
3433 3375
5590 3433
752 5590
7806 752
611 7806
1736 611
5905 1736
6102 5905
847 6102
8340 847
7878 8340
1546 7878
6995 1546
5779 6995
4766 5779
4527 4766
6762 4527
3324 6762
1030 3324
2810 1030
2690 2810
6682 2690
3704 6682
2826 3704
8736 2826
6855 8736
4504 6855
4174 4504
2660 4174
4733 2660
8208 4733
7865 8208
5980 7865
2125 5980
1476 2125
7902 1476
2811 7902
6419 2811
4585 6419
7804 4585
195 7804
3174 195
624 3174
8728 624
4993 8728
3676 4993
3437 3676
8947 3437
6275 8947
5609 6275
2586 5609
7567 2586
4625 7567
6796 4625
301 6796
2630 301
774 2630
7298 774
1851 7298
1939 1851
8878 1939
681 8878
5170 681
5845 5170
7991 5845
8436 7991
777 8436
2257 777
5332 2257
8087 5332
1114 8087
486 1114
4275 486
1885 4275
489 1885
6778 489
341 6778
2190 341
7104 2190
1919 7104
4551 1919
2373 4551
1254 2373
3237 1254
1893 3237
3395 1893
5322 3395
6891 5322
254 6891
809 254
5516 809
683 5516
5854 683
2082 5854
488 2082
3749 488
5134 3749
8970 5134
8684 8970
3821 8684
3198 3821
3680 3198
8830 3680
2899 8830
5333 2899
754 5333
3854 754
595 3854
458 595
8349 458
7391 8349
5360 7391
5548 5360
4346 5548
1881 4346
4232 1881
5076 4232
6840 5076
4003 6840
2164 4003
4224 2164
7326 4224
441 7326
6911 441
3773 6911
2657 3773
156 2657
2277 156
7684 2277
8517 7684
3730 8517
5778 3730
3946 5778
6524 3946
916 6524
5744 916
4939 5744
553 4939
8646 553
5691 8646
2403 5691
6267 2403
4967 6267
6474 4967
6170 6474
3692 6170
6078 3692
3021 6078
4180 3021
7946 4180
5270 7946
1982 5270
4968 1982
3525 4968
775 3525
1994 775
7927 1994
2163 7927
1500 2163
5931 1500
5393 5931
2662 5393
6707 2662
6798 6707
6176 6798
2905 6176
1936 2905
4377 1936
6520 4377
3378 6520
4367 3378
5043 4367
5694 5043
2527 5694
1773 2527
1642 1773
7993 1642
6829 7993
2471 6829
7761 2471
1005 7761
2363 1005
2996 2363
1913 2996
607 1913
6842 607
1629 6842
4420 1629
4880 4420
6604 4880
4005 6604
3011 4005
556 3011
4120 556
3688 4120
5362 3688
4332 5362
3508 4332
7718 3508
2228 7718
2244 2228
3310 2244
1276 3310
287 1276
3486 287
929 3486
1543 929
6011 1543
2415 6011
1956 2415
6952 1956
6006 6952
3772 6006
502 3772
1506 502
8321 1506
3830 8321
6828 3830
1398 6828
6517 1398
5192 6517
5693 5192
7892 5693
3298 7892
8240 3298
1433 8240
6873 1433
7135 6873
2453 7135
3675 2453
6989 3675
7839 6989
6605 7839
1291 6605
3635 1291
8053 3635
8286 8053
2517 8286
6106 2517
2070 6106
1319 2070
5964 1319
4744 5964
3078 4744
1486 3078
6294 1486
1916 6294
5503 1916
6701 5503
8695 6701
5816 8695
2743 5816
2493 2743
359 2493
7163 359
8251 7163
6835 8251
2603 6835
3404 2603
3523 3404
4956 3523
2589 4956
4035 2589
5734 4035
6214 5734
4665 6214
2236 4665
4491 2236
5563 4491
665 5563
4128 665
1206 4128
5763 1206
5758 5763
2974 5758
3403 2974
6903 3403
7114 6903
1482 7114
2179 1482
7146 2179
7819 7146
8665 7819
8300 8665
56 8300
382 56
4947 382
8768 4947
1231 8768
252 1231
915 252
5388 915
8671 5388
7748 8671
8643 7748
530 8643
4453 530
4670 4453
2059 4670
5672 2059
2108 5672
1215 2108
8432 1215
5789 8432
8128 5789
275 8128
8581 275
7605 8581
6234 7605
2848 6234
5811 2848
7508 5811
8218 7508
7875 8218
7526 7875
4302 7526
6299 4302
4540 6299
533 4540
3868 533
4932 3868
8544 4932
8325 8544
5249 8325
2767 5249
6625 2767
6038 6625
6900 6038
7860 6900
5222 7860
3224 5222
2267 3224
7250 2267
5800 7250
3125 5800
1288 3125
3875 1288
2066 3875
2324 2066
5274 2324
8769 5274
8305 8769
3300 8305
734 3300
7500 734
7303 7500
5401 7303
6700 5401
6773 6700
527 6773
6734 527
7728 6734
547 7728
3055 547
6113 3055
4259 6113
314 4259
4552 314
4849 4552
492 4849
7302 492
8085 7302
3686 8085
8006 3686
3313 8006
3468 3313
4287 3468
3480 4287
1560 3480
6359 1560
3418 6359
7150 3418
8047 7150
1577 8047
5142 1577
1791 5142
4173 1791
4783 4173
7788 4783
5602 7788
2779 5602
2637 2779
3252 2637
5107 3252
8383 5107
7884 8383
3958 7884
8718 3958
2106 8718
5612 2106
6286 5612
7192 6286
6150 7192
7209 6150
2071 7209
6555 2071
278 6555
5595 278
6476 5595
4286 6476
4276 4286
1208 4276
8117 1208
8746 8117
8772 8746
962 8772
5797 962
3061 5797
3880 3061
4097 3880
4413 4097
2435 4413
5604 2435
111 5604
5392 111
8918 5392
7885 8918
897 7885
4922 897
2161 4922
4364 2161
5771 4364
3850 5771
6305 3850
3327 6305
3949 3327
1523 3949
6483 1523
52 6483
3827 52
1783 3827
8531 1783
5522 8531
7642 5522
1568 7642
4830 1568
8787 4830
3996 8787
599 3996
5021 599
8871 5021
7634 8871
3429 7634
7868 3429
4732 7868
313 4732
8526 313
7626 8526
5644 7626
2698 5644
328 2698
973 328
7506 973
2173 7506
781 2173
3906 781
7969 3906
4240 7969
1698 4240
5390 1698
119 5390
2486 119
8461 2486
3288 8461
5219 3288
4937 5219
4125 4937
1354 4125
5893 1354
192 5893
6628 192
2541 6628
3374 2541
2986 3374
7297 2986
1328 7297
8168 1328
4334 8168
6455 4334
7879 6455
7253 7879
8530 7253
3551 8530
1237 3551
7873 1237
732 7873
1900 732
2760 1900
1465 2760
8200 1465
2515 8200
4877 2515
2668 4877
3558 2668
714 3558
5258 714
8837 5258
2509 8837
3659 2509
6130 3659
4455 6130
2408 4455
3592 2408
5008 3592
4219 5008
4388 4219
837 4388
2010 837
5715 2010
1449 5715
2359 1449
5770 2359
5732 5770
6416 5732
5650 6416
733 5650
3104 733
1452 3104
2978 1452
6877 2978
2850 6877
4816 2850
6002 4816
307 6002
5324 307
661 5324
4417 661
5585 4417
3828 5585
177 3828
4301 177
6311 4301
5357 6311
1096 5357
6268 1096
7659 6268
6197 7659
4864 6197
3745 4864
5773 3745
4300 5773
4671 4300
4121 4671
7813 4121
5153 7813
2540 5153
8195 2540
6664 8195
5531 6664
3711 5531
2989 3711
7663 2989
2105 7663
8444 2105
3362 8444
8277 3362
8081 8277
8828 8081
2477 8828
2037 2477
4095 2037
1377 4095
3571 1377
8508 3571
5084 8508
7360 5084
1753 7360
1370 1753
7609 1370
7336 7609
7245 7336
2708 7245
7375 2708
1017 7375
7867 1017
8752 7867
3166 8752
7982 3166
6647 7982
1957 6647
2619 1957
6167 2619
5714 6167
4112 5714
3978 4112
3467 3978
2887 3467
2378 2887
6983 2378
3176 6983
247 3176
4350 247
7404 4350
7499 7404
4050 7499
1499 4050
2314 1499
236 2314
37 236
6320 37
3838 6320
6968 3838
3896 6968
218 3896
1731 218
8515 1731
7762 8515
5297 7762
4942 5297
3663 4942
7679 3663
3513 7679
2828 3513
8441 2828
6875 8441
3998 6875
4327 3998
416 4327
422 416
2937 422
6198 2937
3232 6198
442 3232
7011 442
7027 7011
6702 7027
1154 6702
8875 1154
7656 8875
1496 7656
1355 1496
5211 1355
1759 5211
2045 1759
1984 2045
1429 1984
1391 1429
7702 1391
3051 7702
6688 3051
1172 6688
1375 1172
3622 1375
3382 3622
8818 3382
2307 8818
8604 2307
3379 8604
4692 3379
7005 4692
7558 7005
4016 7558
3685 4016
6509 3685
5786 6509
7249 5786
45 7249
4717 45
7390 4717
5622 7390
1146 5622
2580 1146
3721 2580
6352 3721
1683 6352
505 1683
3851 505
3126 3851
401 3126
8083 401
8552 8083
3095 8552
8020 3095
708 8020
5874 708
3111 5874
1183 3111
2321 1183
2446 2321
6044 2446
7483 6044
1638 7483
1335 1638
3234 1335
5128 3234
5188 5128
7354 5188
4867 7354
6129 4867
7234 6129
5580 7234
5078 5580
5071 5078
1458 5071
1831 1458
7471 1831
3833 7471
7560 3833
3366 7560
8874 3366
8387 8874
3991 8387
4077 3991
8411 4077
4901 8411
6290 4901
6126 6290
4054 6126
4009 4054
5098 4009
8091 5098
7149 8091
634 7149
2282 634
6831 2282
3235 6831
6023 3235
3430 6023
905 3430
7411 905
5217 7411
1057 5217
3212 1057
2121 3212
1749 2121
66 1749
61 66
1580 61
4321 1580
1415 4321
4200 1415
7729 4200
384 7729
6991 384
1112 6991
3785 1112
5409 3785
2851 5409
7774 2851
5405 7774
396 5405
8163 396
6185 8163
7976 6185
8949 7976
358 8949
204 358
138 204
7239 138
6310 7239
3266 6310
8573 3266
7327 8573
4437 7327
6899 4437
8590 6899
834 8590
5189 834
1971 5189
6026 1971
1013 6026
5791 1013
5943 5791
7225 5943
3470 7225
2482 3470
6756 2482
4136 6756
5483 4136
8173 5483
3199 8173
5724 3199
1007 5724
6881 1007
791 6881
8626 791
7294 8626
6436 7294
6780 6436
4241 6780
405 4241
7058 405
7306 7058
5312 7306
2491 5312
7203 2491
8620 7203
3193 8620
7649 3193
5034 7649
5337 5034
3451 5337
2009 3451
1227 2009
6356 1227
1914 6356
3646 1914
5061 3646
5614 5061
2536 5614
3358 2536
593 3358
1348 593
3952 1348
2847 3952
3317 2847
7079 3317
1483 7079
4070 1483
648 4070
5467 648
1542 5467
2120 1542
1582 2120
3119 1582
3597 3119
2647 3597
2716 2647
1723 2716
2957 1723
1601 2957
4749 1601
8899 4749
3808 8899
2475 3808
7088 2475
5447 7088
3967 5447
8588 3967
240 8588
6859 240
2605 6859
3493 2605
651 3493
776 651
2947 776
6661 2947
4822 6661
2550 4822
2016 2550
3605 2016
3658 3605
6081 3658
6821 6081
2312 6821
1151 2312
4490 1151
6718 4490
654 6718
8104 654
1637 8104
5648 1637
5212 5648
4230 5212
2246 4230
1166 2246
5564 1166
4834 5564
165 4834
8663 165
8887 8663
1923 8887
1147 1923
6160 1147
6870 6160
7078 6870
3517 7078
600 3517
8650 600
1014 8650
1964 1014
5841 1964
3637 5841
3273 3637
1158 3273
2060 1158
8273 2060
3618 8273
2858 3618
6172 2858
5294 6172
3603 5294
895 3603
391 895
3106 391
2769 3106
884 2769
375 884
7413 375
503 7413
3983 503
7372 3983
5978 7372
7323 5978
8430 7323
3137 8430
5968 3137
4638 5968
2149 4638
352 2149
5550 352
5591 5550
8583 5591
6642 8583
2128 6642
5426 2128
98 5426
3171 98
7478 3171
8318 7478
280 8318
7992 280
1403 7992
8132 1403
3092 8132
563 3092
7062 563
1932 7062
7138 1932
7044 7138
4743 7044
2295 4743
960 2295
8894 960
6231 8894
7117 6231
6039 7117
1804 6039
4663 1804
2821 4663
8404 2821
5636 8404
7598 5636
3901 7598
2299 3901
2011 2299
2424 2011
6145 2424
8678 6145
200 8678
2007 200
6109 2007
8352 6109
3522 8352
8306 3522
6209 8306
5028 6209
573 5028
3302 573
3206 3302
3497 3206
4817 3497
6964 4817
1349 6964
7965 1349
3239 7965
7427 3239
6101 7427
376 6101
2735 376
7775 2735
7291 7775
4096 7291
8067 4096
7176 8067
5807 7176
3225 5807
7397 3225
6540 7397
6695 6540
2245 6695
2969 2245
8534 2969
2833 8534
8911 2833
6518 8911
5404 6518
2504 5404
3586 2504
1027 3586
6110 1027
578 6110
2208 578
4824 2208
3783 4824
7115 3783
6596 7115
3215 6596
693 3215
8466 693
7456 8466
1200 7456
637 1200
5197 637
718 5197
1769 718
2546 1769
4141 2546
3824 4141
8238 3824
8660 8238
885 8660
4528 885
6676 4528
8971 6676
4553 8971
3195 4553
214 3195
2713 214
5671 2713
7739 5671
3924 7739
3216 3924
3650 3216
7534 3650
7174 7534
5208 7174
4164 5208
4688 4164
8209 4688
7466 8209
3716 7466
3930 3716
1526 3930
4770 1526
4362 4770
8442 4362
1338 8442
8995 1338
6573 8995
7193 6573
3213 7193
5511 3213
8850 5511
6613 8850
3405 6613
8013 3405
141 8013
6824 141
2221 6824
696 2221
6941 696
3560 6941
1475 3560
8647 1475
7703 8647
6094 7703
1006 6094
1015 1006
353 1015
8082 353
3397 8082
5581 3397
2280 5581
8664 2280
5330 8664
4521 5330
5268 4521
1255 5268
4777 1255
3250 4777
4721 3250
7047 4721
5883 7047
2382 5883
3691 2382
1848 3691
4098 1848
6513 4098
67 6513
1265 67
143 1265
1225 143
620 1225
4827 620
7019 4827
8944 7019
8523 8944
715 8523
1261 715
6256 1261
6898 6256
6759 6898
5081 6759
265 5081
5803 265
3947 5803
6003 3947
3385 6003
6833 3385
2680 6833
4280 2680
6820 4280
1706 6820
3566 1706
2594 3566
2068 2594
20 2068
5556 20
7842 5556
6370 7842
1635 6370
8069 1635
4881 8069
5038 4881
6922 5038
7910 6922
5812 7910
8439 5812
1818 8439
2250 1818
6971 2250
5163 6971
8999 5163
6546 8999
7381 6546
8777 7381
2870 8777
1343 2870
6684 1343
8615 6684
3683 8615
5557 3683
3481 5557
658 3481
7907 658
6755 7907
896 6755
7975 896
748 7975
1997 748
4957 1997
89 4957
5085 89
898 5085
348 898
8803 348
3922 8803
7866 3922
2862 7866
7109 2862
3146 7109
209 3146
2934 209
6313 2934
4724 6313
893 4724
3648 893
2542 3648
7808 2542
1803 7808
6262 1803
456 6262
2115 456
6961 2115
4295 6961
4962 4295
2691 4962
380 2691
6562 380
7777 6562
2341 7777
4708 2341
704 4708
8137 704
7514 8137
9000 7514
853 9000
5161 853
5070 5161
2182 5070
2701 2182
5 2701
6139 5
7841 6139
4694 7841
6374 4694
1401 6374
8912 1401
1406 8912
5894 1406
4511 5894
2495 4511
1379 2495
8692 1379
1422 8692
1614 1422
2960 1614
5915 2960
8511 5915
8774 8511
8681 8774
3548 8681
5749 3548
3396 5749
2212 3396
7474 2212
4794 7474
1898 4794
1418 1898
6431 1418
102 6431
4930 102
550 4930
7549 550
8950 7549
1890 8950
2523 1890
1593 2523
8603 1593
7778 8603
1907 7778
2623 1907
2253 2623
6237 2253
3040 6237
4812 3040
1408 4812
1986 1408
1520 1986
344 1520
106 344
659 106
8496 659
2773 8496
1378 2773
6456 1378
6705 6456
8045 6705
2251 8045
5924 2251
6427 5924
2661 6427
6981 2661
4546 6981
4959 4546
7233 4959
8579 7233
463 8579
7262 463
418 7262
4101 418
7985 4101
6189 7985
1864 6189
5884 1864
5359 5884
4745 5359
4432 4745
7145 4432
8196 7145
6771 8196
3248 6771
1989 3248
6105 1989
5765 6105
360 5765
7953 360
8851 7953
5015 8851
3790 5015
7850 3790
3466 7850
4335 3466
3296 4335
1188 3296
5115 1188
6561 5115
8271 6561
7210 8271
6382 7210
2558 6382
931 2558
6438 931
132 6438
190 132
7849 190
2294 7849
3954 2294
948 3954
4941 948
7347 4941
4179 7347
7563 4179
4576 7563
234 4576
4530 234
2467 4530
6317 2467
6100 6317
4799 6100
7446 4799
2074 7446
1756 2074
1673 1756
5986 1673
5726 5986
1619 5726
2012 1619
5656 2012
323 5656
1562 323
4142 1562
7943 4142
1811 7943
1023 1811
3865 1023
3582 3865
7043 3582
5589 7043
3948 5589
3956 3948
1609 3956
8178 1609
1705 8178
4410 1705
3567 4410
5256 3567
1446 5256
2648 1446
4840 2648
8323 4840
361 8323
4706 361
6745 4706
2139 6745
6795 2139
6749 6795
5953 6749
414 5953
299 414
780 299
2883 780
1086 2883
3636 1086
2863 3636
1530 2863
4398 1530
7436 4398
4303 7436
930 4303
3701 930
5974 3701
408 5974
7592 408
6713 7592
8556 6713
6690 8556
286 6690
1697 286
6435 1697
4818 6435
4012 4818
6492 4012
3381 6492
2687 3381
1256 2687
320 1256
2457 320
2229 2457
3034 2229
5716 3034
7544 5716
8032 7544
8096 8032
8854 8096
8250 8854
1271 8250
7273 1271
7022 7273
1886 7022
8840 1886
4597 8840
3295 4597
5177 3295
1770 5177
5254 1770
7395 5254
2141 7395
3881 2141
6904 3881
3925 6904
8103 3925
6551 8103
7199 6551
8324 7199
6090 8324
590 6090
402 590
3286 402
7987 3286
1052 7987
1651 1052
2201 1651
7786 2201
3782 7786
4641 3782
3427 4641
4326 3427
8781 4326
1318 8781
8077 1318
4264 8077
7685 4264
6658 7685
5289 6658
511 5289
6893 511
285 6893
1190 285
4088 1190
347 4088
1489 347
2444 1489
3091 2444
1334 3091
3643 1334
1193 3643
4020 1193
1251 4020
4279 1251
8281 4279
4091 8281
8961 4091
1724 8961
4462 1724
94 4462
7701 94
5954 7701
8698 5954
1525 8698
7518 1525
8983 7518
2537 8983
7307 2537
965 7307
2328 965
5705 2328
8303 5705
8512 8303
8189 8512
2447 8189
1872 2447
6449 1872
1745 6449
289 1745
3979 289
424 3979
5039 424
4379 5039
7926 4379
3332 7926
5810 3332
5267 5810
7430 5267
8357 7430
1618 8357
5794 1618
4788 5794
7859 4788
5148 7859
85 5148
3727 85
5261 3727
1627 5261
7713 1627
3173 7713
6943 3173
3746 6943
2087 3746
989 2087
6865 989
6807 6865
7075 6807
7970 7075
3577 7970
3707 3577
3579 3707
6022 3579
1157 6022
7837 1157
990 7837
1043 990
7465 1043
3414 7465
2995 3414
4454 2995
1901 4454
5429 1901
4720 5429
8525 4720
2751 8525
5327 2751
5425 5327
1968 5425
4074 1968
171 4074
7799 171
5326 7799
374 5326
5364 374
8363 5364
7077 8363
1528 7077
1438 1528
6242 1438
5921 6242
449 5921
8691 449
1121 8691
1594 1121
4187 1594
5631 4187
6384 5631
8872 6384
3937 8872
5046 3937
7335 5046
4568 7335
2336 4568
4736 2336
7212 4736
3197 7212
3367 3197
1595 3367
8373 1595
5024 8373
4245 5024
8766 4245
10 8766
5291 10
7311 5291
4086 7311
4814 4086
5733 4814
8888 5733
1722 8888
668 1722
4977 668
7941 4977
4394 7941
4046 4394
3056 4046
8491 3056
6283 8491
4870 6283
2084 4870
2044 2084
1178 2044
1889 1178
7003 1889
1436 7003
3164 1436
1074 3164
5593 1074
8374 5593
5822 8374
7202 5822
1461 7202
4201 1461
7140 4201
4153 7140
3779 4153
5945 3779
4356 5945
1484 4356
3289 1484
448 3289
7001 448
1777 7001
2800 1777
1598 2800
572 1598
2347 572
7106 2347
1102 7106
2452 1102
5471 2452
5235 5471
8262 5235
5239 8262
1169 5239
8892 1169
3196 8892
2777 3196
1630 2777
316 1630
5678 316
7497 5678
2771 7497
2737 2771
6501 2737
7743 6501
5927 7743
196 5927
479 196
5315 479
8923 5315
889 8923
6379 889
3154 6379
4373 3154
4621 4373
3942 4621
4509 3942
1899 4509
3889 1899
7607 3889
8939 7607
7616 8939
251 7616
7131 251
7957 7131
3823 7957
4876 3823
2719 4876
1750 2719
5343 1750
6633 5343
4369 6633
2838 4369
8668 2838
4415 8668
5099 4415
6545 5099
8816 6545
4008 8816
2979 4008
5073 2979
1795 5073
3041 1795
6735 3041
5303 6735
3184 5303
1339 3184
3127 1339
8368 3127
8148 8368
1915 8148
3601 1915
3794 3601
4529 3794
8486 4529
8233 8486
5569 8233
2763 5569
1782 2763
6235 1782
5109 6235
4138 5109
6639 4138
8135 6639
5086 8135
440 5086
3507 440
4158 3507
7190 4158
8845 7190
2399 8845
5935 2399
91 5935
3878 91
279 3878
4760 279
369 4760
5214 369
2138 5214
5699 2138
4040 5699
7410 4040
2377 7410
1455 2377
3019 1455
1713 3019
7344 1713
6215 7344
7922 6215
8241 7922
6444 8241
4133 6444
4360 4133
1033 4360
1969 1033
1667 1969
7014 1667
5700 7014
6148 5700
1703 6148
802 1703
4282 802
1306 4282
4685 1306
6526 4685
8945 6526
5178 8945
5532 5178
3509 5532
2547 3509
1514 2547
6609 1514
4662 6609
6173 4662
5579 6173
6880 5579
7688 6880
4549 7688
2357 4549
7821 2357
1428 7821
1554 1428
848 1554
8133 848
541 8133
5424 541
787 5424
5300 787
1371 5300
6768 1371
6124 6768
4709 6124
1315 4709
7006 1315
5227 7006
3265 5227
4593 3265
32 4593
4063 32
38 4063
8131 38
2479 8131
238 2479
3370 238
3263 3370
8269 3263
7801 8269
8586 7801
4704 8586
179 4704
1808 179
78 1808
5909 78
4558 5909
4647 4558
1828 4647
2524 1828
6966 2524
7039 6966
1264 7039
4087 1264
5080 4087
6008 5080
8518 6008
5433 8518
3059 5433
4439 3059
8683 4439
5366 8683
4764 5366
8044 4764
2545 8044
3205 2545
5154 3205
2487 5154
8594 2487
2110 8594
5626 2110
5971 5626
5113 5971
5342 5113
2499 5342
3209 2499
1765 3209
2898 1765
7094 2898
2854 7094
7517 2854
608 7517
2375 608
3929 2375
5832 3929
8116 5832
4370 8116
800 4370
3625 800
3819 3625
2646 3819
5702 2646
2032 5702
7851 2032
528 7851
8859 528
2933 8859
5150 2933
1239 5150
3002 1239
3309 3002
2867 3309
2740 2867
8258 2740
3628 8258
497 3628
5412 497
4517 5412
5318 4517
7264 5318
6998 7264
1440 6998
8795 1440
5495 8795
6496 5495
7901 6496
3329 7901
2595 3329
1952 2595
6031 1952
6221 6031
4452 6221
7795 4452
8740 7795
3591 8740
6220 3591
8424 6220
3094 8424
906 3094
8211 906
4497 8211
1310 4497
6093 1310
166 6093
95 166
1179 95
7937 1179
3818 7937
5468 3818
3456 5468
6810 3456
2940 6810
8206 2940
6789 8206
8735 6789
1389 8735
6454 1389
955 6454
8901 955
1479 8901
2099 1479
4578 2099
7872 4578
8631 7872
8237 8631
4265 8237
114 4265
191 114
7550 191
55 7550
3331 55
2092 3331
3860 2092
5344 3860
763 5344
6009 763
6809 6009
972 6809
3629 972
1381 3629
7374 1381
877 7374
5382 877
2051 5382
4351 2051
3501 4351
3301 3501
6005 3301
7170 6005
4687 7170
5808 4687
3390 5808
5232 3390
4763 5232
7177 4763
2801 7177
6375 2801
3357 6375
8317 3357
3347 8317
5356 3347
6195 5356
4739 6195
2562 4739
4352 2562
1053 4352
331 1053
7643 331
5213 7643
6945 5213
1079 6945
1622 1079
4498 1622
6668 4498
1832 6668
3955 1832
755 3955
7557 755
946 7557
6122 946
3268 6122
1607 3268
167 1607
8539 167
175 8539
7322 175
8275 7322
4319 8275
6839 4319
3547 6839
5525 3547
6111 5525
8366 6111
5006 8366
6503 5006
6249 6503
2113 6249
1657 2113
1125 1657
7348 1125
3578 7348
5741 3578
2076 5741
6453 2076
6245 6453
7979 6245
5615 7979
428 5615
1905 428
2508 1905
3346 2508
3050 3346
8147 3050
7009 8147
5377 7009
1999 5377
2733 1999
8182 2733
5597 8182
5743 5597
7339 5743
6879 7339
6344 6879
2271 6344
873 2271
6512 873
7852 6512
720 7852
3303 720
3304 3303
935 3304
6193 935
477 6193
8858 477
3161 8858
1222 3161
1954 1222
8100 1954
468 8100
4195 468
4886 4195
4889 4886
7352 4889
7479 7352
6715 7479
5976 6715
7401 5976
2970 7401
7658 2970
950 7658
6441 950
2676 6441
4586 2676
8458 4586
5753 8458
4148 5753
8035 4148
5277 8035
6001 5277
3598 6001
6157 3598
8453 6157
6970 8453
3645 6970
6265 3645
4135 6265
81 4135
4940 81
5394 4940
6479 5394
4189 6479
8064 4189
2577 8064
6194 2577
925 6194
295 925
4494 295
4883 4494
7162 4883
7690 7162
438 7690
3843 438
3639 3843
6979 3639
4750 6979
8334 4750
2685 8334
5829 2685
740 5829
8108 740
706 8108
3190 706
4911 3190
8402 4911
1351 8402
4581 1351
3944 4581
8000 3944
7405 8000
4592 7405
4868 4592
5461 4868
6744 5461
8385 6744
894 8385
6481 894
7317 6481
6722 7317
1909 6722
3292 1909
4579 3292
5572 4579
8996 5572
118 8996
7098 118
6115 7098
4896 6115
832 4896
2358 832
2961 2358
2473 2961
1585 2473
6452 1585
7513 6452
7816 7513
8483 7816
3326 8483
5011 3326
4550 5011
1701 4550
6000 1701
6253 6000
6061 6253
850 6061
1442 850
8501 1442
3006 8501
762 3006
4594 762
4468 4594
4310 4468
5215 4310
5625 5215
8469 5625
4646 8469
813 4646
1943 813
6186 1943
8272 6186
2955 8272
3023 2955
4000 3023
867 4000
8629 867
2133 8629
836 2133
7815 836
1558 7815
3188 1558
2204 3188
8158 2204
2196 8158
7636 2196
8978 7636
4652 8978
3150 4652
2625 3150
3048 2625
2962 3048
1840 2962
2112 1840
7783 2112
6522 7783
8154 6522
2519 8154
8482 2519
6131 8482
8490 6131
1883 8490
7507 1883
7519 7507
1283 7519
457 1283
2825 457
3611 2825
7817 3611
4358 7817
1836 4358
4800 1836
2013 4800
7893 2013
6792 7893
2227 6792
6292 2227
1152 6292
243 1152
1757 243
589 1757
6213 589
8673 6213
5398 8673
5130 5398
4809 5130
7037 4809
3499 7037
1608 3499
1760 1608
3733 1760
1301 3733
4075 1301
5089 4075
5264 5089
142 5264
4563 142
6538 4563
2693 6538
2131 2693
6975 2131
8144 6975
4502 8144
8161 4502
8764 8161
2922 8764
6957 2922
3060 6957
8084 3060
202 8084
4395 202
4623 4395
1184 4623
7346 1184
5680 7346
8016 5680
6527 8016
6083 6527
7963 6083
2145 7963
8260 2145
8066 8260
6240 8066
8712 6240
1743 8712
7578 1743
412 7578
1655 412
4167 1655
1669 4167
3712 1669
1471 3712
7620 1471
7431 7620
862 7431
5031 862
1965 5031
379 1965
3495 379
5642 3495
4748 5642
6068 4748
4508 6068
2928 4508
6291 2928
5419 6291
7936 5419
5918 7936
4928 5918
6086 4928
8788 6086
5938 8788
3894 5938
2651 3894
288 2651
2191 288
4045 2191
6692 4045
1942 6692
484 1942
8301 484
2384 8301
617 2384
4707 617
7414 4707
6475 7414
913 6475
1010 913
1833 1010
3971 1833
4612 3971
445 4612
433 445
3016 433
5082 3016
4407 5082
8730 4407
8253 8730
6037 8253
291 6037
633 291
22 633
2560 22
3861 2560
1821 3861
5229 1821
1376 5229
663 1376
5093 663
2780 5093
7548 2780
6331 7548
6861 6331
4875 6861
5060 4875
5336 5060
7871 5336
4986 7871
2062 4986
4215 2062
4850 4215
8790 4850
3489 8790
4943 3489
2436 4943
8676 2436
7315 8676
8562 7315
5381 8562
8656 5381
2170 8656
7201 2170
4657 7201
1552 4657
1810 1552
5097 1810
3204 5097
8153 3204
7221 8153
7166 7221
7248 7166
8900 7248
5722 8900
6563 5722
7652 6563
8372 7652
6657 8372
4438 6657
6666 4438
8009 6666
8291 8009
3989 8291
1616 3989
7543 1616
5910 7543
5023 5910
976 5023
539 976
2884 539
1050 2884
7080 1050
8139 7080
1386 8139
724 1386
1730 724
3243 1730
6298 3243
3024 6298
6182 3024
3335 6182
5476 3335
854 5476
6849 854
1871 6849
3120 1871
7029 3120
3775 7029
2645 3775
4619 2645
5088 4619
2462 5088
8824 2462
8107 8824
7632 8107
8813 7632
4402 8813
5665 4402
3446 5665
2086 3446
6135 2086
4771 6135
2195 4771
8346 2195
5537 8346
4512 5537
892 4512
5645 892
3158 5645
1142 3158
8169 1142
4478 8169
7746 4478
5851 7746
2297 5851
6669 2297
6367 6669
4162 6367
3356 4162
5768 3356
741 5768
4458 741
5802 4458
5347 5802
7988 5347
1434 7988
2085 1434
1504 2085
6107 1504
963 6107
2615 963
2351 2615
7048 2351
1392 7048
4085 1392
5126 4085
5941 5126
678 5941
4024 678
8068 4024
2762 8068
6121 2762
5231 6121
2114 5231
1236 2114
1556 1236
2014 1556
2266 2014
2077 2266
1596 2077
864 1596
4270 864
2265 4270
6287 2265
5746 6287
3384 5746
6345 3384
7796 6345
8723 7796
1694 8723
6930 1694
4860 6930
1001 4860
971 1001
4 971
6103 4
8711 6103
6064 8711
6996 6064
8618 6996
7488 8618
984 7488
6785 984
8078 6785
4284 8078
6289 4284
1772 6289
1357 1772
8908 1357
3807 8908
5852 3807
8298 5852
2448 8298
2053 2448
4982 2053
688 4982
5183 688
4132 5183
8926 4132
4797 8926
8969 4797
1946 8969
1547 1946
2230 1547
5185 2230
2342 5185
2353 2342
493 2353
3187 493
5949 3187
2574 5949
4493 2574
7309 4493
4384 7309
1781 4384
5917 1781
5442 5917
8401 5442
2916 8401
4190 2916
1270 4190
3447 1270
9001 3447
2 9001
8079 2
2757 8079
3371 2757
7802 3371
2015 7802
3259 2015
2292 3259
1980 2292
6067 1980
4030 6067
7472 4030
7886 7472
6224 7886
3970 6224
4488 3970
2034 4488
532 2034
3792 532
8920 3792
2256 8920
8958 2256
7587 8958
6746 7587
8141 6746
6340 8141
390 6340
1451 390
4247 1451
2635 4247
7538 2635
2572 7538
7904 2572
5721 7904
2153 5721
1416 2153
7862 1416
1819 7862
2008 1819
679 2008
9001 679
3 9001
3856 3
6243 3856
2966 6243
2711 2966
7319 2711
2702 7319
5136 2702
5100 5136
6183 5100
4104 6183
2804 4104
7127 2804
8037 7127
490 8037
7591 490
2393 7591
592 2393
2171 592
4317 2171
3748 4317
2485 3748
8002 2485
4613 8002
5616 4613
7803 5616
8239 7803
2242 8239
7714 2242
8915 7714
5106 8915
8896 5106
2578 8896
4699 2578
605 4699
3767 605
879 3767
7073 879
8993 7073
6641 8993
2636 6641
8566 2636
4495 8566
2097 4495
1333 2097
3504 1333
5600 3504
1729 5600
7002 1729
2004 7002
1519 2004
8914 1519
7830 8914
3619 7830
3147 3619
7928 3147
5127 7928
7437 5127
2952 7437
5009 2952
6397 5009
8916 6397
334 8916
1478 334
8930 1478
1978 8930
3992 1978
2439 3992
3580 2439
7606 3580
4950 7606
1469 4950
3752 1469
7053 3752
1725 7053
3165 1725
7425 3165
6060 7425
6619 6060
2361 6619
5321 2361
2823 5321
415 2823
3877 415
689 3877
7227 689
7938 7227
5480 7938
3185 5480
6934 3185
5079 6934
3425 5079
6408 3425
1293 6408
8061 1293
5627 8061
5448 5627
4037 5448
4099 4037
8783 4099
3222 8783
8689 3222
3976 8689
4079 3976
3995 4079
8893 3995
3977 8893
7444 3977
7066 7444
8553 7066
7172 8553
6342 7172
5999 6342
2864 5999
8732 2864
5660 8732
2224 5660
8247 2224
3725 8247
711 3725
8514 711
5132 8514
601 5132
6 601
1852 6
4387 1852
8234 4387
779 8234
2441 779
7287 2441
959 7287
8506 959
2017 8506
8257 2017
5662 8257
974 5662
7277 974
996 7277
6082 996
4316 6082
6832 4316
7299 6832
2795 7299
7452 2795
8715 7452
474 8715
7809 474
63 7809
7586 63
3312 7586
4999 3312
8516 4999
3308 8516
1131 3308
417 1131
6406 417
6169 6406
4762 6169
1812 4762
5667 1812
4507 5667
4028 4507
4984 4028
5399 4984
2888 5399
566 2888
4611 566
1991 4611
1122 1991
7242 1122
1457 7242
7139 1457
205 7139
2306 205
2451 2306
4727 2451
6717 4727
1081 6717
5906 1081
7823 5906
5554 7823
2727 5554
7751 2727
1344 7751
5095 1344
4258 5095
4712 4258
7555 4712
7364 7555
6632 7364
7441 6632
5202 7441
1516 5202
8485 1516
6141 8485
7065 6141
8714 7065
676 8714
6440 676
2872 6440
2389 2872
1726 2389
939 1726
1510 939
2098 1510
1493 2098
4229 1493
1929 4229
8074 1929
4292 8074
5568 4292
5301 5568
7541 5301
6450 7541
5246 6450
3542 5246
2973 3542
3736 2973
8559 3736
8997 8559
6912 8997
3281 6912
2140 3281
4459 2140
994 4459
480 994
1044 480
3839 1044
5187 3839
4927 5187
4583 4927
1430 4583
6140 1430
4044 6140
6251 4044
7680 6251
6491 7680
8776 6491
6537 8776
1064 6537
2274 1064
4667 2274
7861 4667
6490 7861
3053 6490
4953 3053
8215 4953
686 8215
4017 686
7023 4017
5420 7023
1472 5420
8289 1472
365 8289
3401 365
366 3401
5566 366
8440 5566
1245 8440
7589 1245
8982 7589
310 8982
7990 310
1118 7990
6965 1118
145 6965
7665 145
12 7665
6075 12
7572 6075
2682 7572
3085 2682
6906 3085
1576 6906
1435 1576
4250 1435
6938 4250
2790 6938
1289 2790
6056 1289
8984 6056
8528 8984
6712 8528
7644 6712
8477 7644
8280 8477
5484 8280
7740 5484
8611 7740
8699 8611
7896 8699
7687 7896
2172 7687
1055 2172
8394 1055
8221 8394
7950 8221
5830 7950
8633 5830
3411 8633
2276 3411
8953 2276
2903 8953
3780 2903
3469 3780
8992 3469
5439 8992
6977 5439
7021 6977
7282 7021
8462 7282
823 8462
3595 823
790 3595
904 790
4829 904
8350 4829
3515 8350
2055 3515
1067 2055
6948 1067
628 6948
3941 628
7667 3941
3151 7667
8256 3151
5828 8256
8895 5828
8931 8895
6554 8931
1092 6554
6461 1092
4331 6461
518 4331
4447 518
7854 4447
5849 7854
3920 5849
6579 3920
4965 6579
3802 4965
5621 3802
3490 5621
7764 3490
193 7764
5524 193
4510 5524
531 4510
2638 531
4293 2638
4602 4293
6574 4602
450 6574
2273 450
2785 2273
256 2785
7124 256
2982 7124
368 2982
3046 368
4838 3046
6142 4838
8389 6142
2178 8389
3741 2178
8596 3741
1741 8596
3879 1741
4221 3879
3257 4221
8829 3257
3690 8829
3535 3690
4934 3535
815 4934
7161 815
4137 7161
2852 4137
6528 2852
8690 6528
6303 8690
2414 6303
8065 2414
178 8065
2111 178
5368 2111
8454 5368
4555 8454
172 4555
6432 172
6652 6432
1684 6652
7600 1684
6155 7600
8568 6155
2290 8568
3910 2290
7284 3910
2650 7284
2067 2650
6584 2067
8284 6584
8472 8284
7265 8472
4954 7265
7912 4954
5755 7912
1056 5755
3421 1056
6033 3421
5044 6033
5119 5044
8429 5119
1084 8429
7590 1084
6599 7590
7105 6599
3866 7105
5701 3866
643 5701
2124 643
494 2124
1212 494
4545 1212
5904 4545
7758 5904
330 7758
4380 330
6576 4380
3168 6576
39 3168
8179 39
2367 8179
4952 2367
3177 4952
7211 3177
4541 7211
8520 4541
2959 8520
5747 2959
8524 5747
5890 8524
3845 5890
4601 3845
446 4601
3138 446
2809 3138
6846 2809
4674 6846
6180 4674
727 6180
92 727
8917 92
60 8917
6120 60
6297 6120
1090 6297
4784 1090
993 4784
1600 993
3047 1600
8322 3047
806 8322
7683 806
7900 7683
6281 7900
5218 6281
2559 5218
1249 2559
7790 1249
991 7790
239 991
2409 239
2317 2409
1456 2317
2130 1456
5210 2130
135 5210
7552 135
5530 7552
1203 5530
3735 1203
5263 3735
8279 5263
3270 8279
8652 3270
3786 8652
2654 3786
4591 2654
7675 4591
28 7675
912 28
7416 912
8420 7416
7800 8420
5878 7800
1414 5878
1165 1414
305 1165
2985 305
7188 2985
1533 7188
1874 1533
249 1874
6656 249
8293 6656
699 8293
5584 699
6992 5584
7447 6992
729 7447
7707 729
6123 7707
1040 6123
5375 1040
3424 5375
4198 3424
5077 4198
8190 5077
3702 8190
4470 3702
3066 4470
6691 3066
5679 6691
5307 5679
3416 5307
4630 3416
5002 4630
7359 5002
3840 7359
3254 3840
985 3254
4520 985
3589 4520
5745 3589
2238 5745
8498 2238
155 8498
3172 155
8679 3172
7856 8679
8968 7856
5957 8968
7738 5957
6651 7738
650 6651
6259 650
5430 6259
435 5430
1824 435
2318 1824
3323 2318
1941 3323
5041 1941
2455 5041
5017 2455
6711 5017
3107 6711
7321 3107
6775 7321
140 6775
3590 140
548 3590
8674 548
5444 8674
2047 5444
8480 2047
4100 8480
8459 4100
7831 8459
5676 7831
8967 5676
7111 8967
5712 7111
6852 5712
208 6852
113 208
1129 113
2454 1129
8296 2454
1191 8296
7310 1191
7485 7310
1834 7485
2233 1834
2169 2233
232 2169
4026 232
7610 4026
8265 7610
3236 8265
6905 3236
2907 6905
7461 2907
6611 7461
5736 6611
2573 5736
6960 2573
1721 6960
8235 1721
235 8235
876 235
8761 876
6741 8761
3679 6741
6274 3679
7256 6274
5991 7256
6373 5991
318 6373
6191 318
7093 6191
2681 7093
2395 2681
746 2395
7333 746
2148 7333
2728 2148
1394 2728
6018 1394
4577 6018
872 4577
4060 872
1894 4060
3883 1894
7670 3883
1093 7670
784 1093
5019 784
4444 5019
1863 4444
4519 1863
8748 4519
2419 8748
4668 2419
272 4668
6316 272
5266 6316
27 5266
613 27
4027 613
5164 4027
1018 5164
4083 1018
7136 4083
4218 7136
1068 4218
1511 1068
3012 1511
434 3012
6890 434
343 6890
8102 343
429 8102
1110 429
246 1110
8431 246
673 8431
8345 673
1350 8345
7266 1350
3074 7266
8416 3074
8561 8416
7137 8561
5295 7137
6799 5295
5603 6799
4944 5603
6136 4944
2753 6136
7343 2753
8367 7343
2893 8367
1025 2893
4248 1025
5792 4248
7142 5792
664 7142
3778 664
835 3778
3761 835
1761 3761
3044 1761
3962 3044
2772 3962
97 2772
1996 97
174 1996
6507 174
4194 6507
928 4194
6306 928
2649 6306
2398 2649
8796 2398
4888 8796
6940 4888
242 6940
7013 242
782 7013
3253 782
454 3253
8312 454
1862 8312
2364 1862
6260 2364
8425 6260
6071 8425
5225 6071
5445 5225
8445 5445
4393 8445
4921 4393
8097 4921
8599 8097
7462 8599
8853 7462
6589 8853
7254 6589
5767 7254
6433 5767
8451 6433
7925 8451
5087 7925
6672 5087
2534 6672
3258 2534
3516 3258
1094 3516
1873 1094
3682 1873
3316 3682
958 3316
5962 958
4976 5962
7585 4976
7742 7585
8219 7742
4210 8219
5206 4210
4309 5206
6572 4309
4872 6572
3219 4872
2956 3219
7241 2956
6913 7241
819 6913
7351 819
4129 7351
6308 4129
3409 6308
7595 3409
7376 7595
6465 7376
3988 6465
3461 3988
3017 3461
6266 3017
3544 6266
4595 3544
4758 4595
29 4758
2376 29
7025 2376
2792 7025
302 2792
7682 302
6168 7682
215 6168
5201 215
7723 5201
5518 7723
8171 5518
5998 8171
3391 5998
5348 3391
8236 5348
3870 8236
5806 3870
8205 5806
1606 8205
5559 1606
1038 5559
982 1038
8576 982
7046 8576
6736 7046
947 6736
7785 947
5933 7785
6024 5933
4374 6024
6908 4374
5173 6908
4022 5173
1908 4022
13 1908
1143 13
153 1143
6919 153
4165 6919
4366 4165
5560 4366
4639 5560
6323 4639
4559 6323
6781 4559
5861 6781
8124 5861
4742 8124
1447 4742
1624 1447
2483 1624
2156 2483
8381 2156
3334 8381
394 3334
2449 394
2231 2449
657 2231
87 657
6165 87
8252 6165
5020 8252
7034 5020
778 7034
8267 778
4782 8267
4261 4782
7038 4261
3961 7038
6098 3961
7973 6098
1767 7973
1323 1767
6738 1323
4651 6738
6836 4651
3911 6836
5498 3911
4635 5498
4903 4635
713 4903
3130 713
1815 3130
3722 1815
7559 3722
5913 7559
4786 5913
3809 4786
4150 3809
413 4150
2089 413
3217 2089
4775 3217
7628 4775
6982 7628
3038 6982
5003 3038
1771 5003
6055 1771
911 6055
5864 911
3476 5864
470 3476
2927 470
5251 2927
4542 5251
49 4542
1135 49
5067 1135
1522 5067
6341 1522
4039 6341
2484 4039
8703 2484
7380 8703
7457 7380
7673 7457
7218 7673
6258 7218
1035 6258
4961 1035
1059 4961
5795 1059
1656 5795
4405 1656
8060 4405
1502 8060
4061 1502
8962 4061
6557 8962
2526 6557
1715 2526
7695 1715
5618 7695
3349 5618
6779 3349
8384 6779
3664 8384
2219 3664
4291 2219
293 4291
8959 293
4071 8959
3848 4071
4628 3848
2672 4628
674 2672
5124 674
161 5124
1567 161
4773 1567
4978 4773
7236 4978
5780 7236
1959 5780
8337 1959
6802 8337
3963 6802
3448 3963
2678 3448
1420 2678
761 1420
8951 761
933 8951
2677 933
4531 2677
574 4531
1423 574
7704 1423
1182 7704
5265 1182
2459 5265
7511 2459
4790 7511
8739 4790
8726 8739
7747 8726
5485 7747
7171 5485
3554 7171
5319 3554
7789 5319
120 7789
8214 120
6319 8214
6244 6319
3684 6244
7891 3684
8331 7891
8076 8331
2180 8076
2741 2180
5137 2741
6595 5137
8644 6595
317 8644
4252 317
1557 4252
5527 1557
3814 5527
8463 3814
4078 8463
340 4078
5911 340
1541 5911
6413 1541
3596 6413
4314 3596
3435 4314
2993 3435
4041 2993
1584 4041
7575 1584
3612 7575
444 3612
2100 444
5756 2100
7110 5756
5335 7110
6484 5335
6480 6484
8283 6480
773 8283
8636 773
3521 8636
7126 3521
2788 7126
4066 2788
1843 4066
6653 1843
1356 6653
9001 1356
9 9001
7935 9
4149 7935
3139 4149
675 3139
2490 675
25 2490
5237 25
1366 5237
8015 1366
4299 8015
7661 4299
2309 7661
5619 2309
4171 5619
3483 4171
2396 3483
8811 2396
6211 8811
3762 6211
259 3762
501 259
2673 501
8193 2673
940 8193
726 940
2165 726
5707 2165
1878 5707
398 1878
8202 398
7725 8202
3003 7725
4789 3003
1325 4789
5871 1325
7247 5871
5843 7247
4220 5843
8972 4220
8360 8972
5607 8360
5865 5607
4288 5865
4823 4288
6963 4823
5428 6963
8225 5428
3768 8225
4547 3768
5598 4547
2840 5598
3005 2840
3873 3005
7280 3873
3553 7280
1039 3553
4609 1039
6488 4609
213 6488
4025 213
7342 4025
4290 7342
7914 4290
6621 7914
2904 6621
507 2904
459 507
5145 459
8802 5145
8617 8802
4031 8617
2865 4031
6369 2865
739 6369
4656 739
5907 4656
6885 5907
5774 6885
3255 5774
6733 3255
7797 6733
6597 7797
8724 6597
4055 8724
8708 4055
3994 8708
5635 3994
4691 5635
5299 4691
5370 5299
2247 5370
841 2247
6646 841
8094 6646
3564 8094
523 3564
8545 523
805 8545
4923 805
7275 4923
5102 7275
4214 5102
3757 4214
5103 3757
4251 5103
4460 4251
2018 4460
5820 2018
7349 5820
6699 7349
6884 6699
4698 6884
8925 4698
899 8925
3939 899
356 3939
1755 356
3533 1755
1615 3533
579 1615
6874 579
7617 6874
4798 7617
3035 4798
4116 3035
4053 4116
5686 4053
5279 5686
7864 5279
1779 7864
6585 1779
7024 6585
1109 7024
7453 1109
1450 7453
292 1450
4102 292
5895 4102
8954 5895
4633 8954
8593 4633
6920 8593
354 6920
5497 354
4557 5497
7450 4557
7156 7450
5633 7156
1162 5633
6072 1162
1439 6072
5711 1439
2703 5711
8640 2703
8510 8640
1508 8510
3928 1508
8814 3928
7771 8814
1454 7771
2984 1454
7933 2984
2431 7933
8026 2431
6932 8026
4949 6932
1189 4949
8314 1189
6811 8314
7392 6811
7720 7392
7476 7720
5443 7476
7324 5443
2644 7324
5728 2644
364 5728
2891 364
7877 2891
4584 7877
3315 4584
3380 3315
8932 3380
2892 8932
5719 2892
8693 5719
8165 8693
7204 8165
8753 7204
743 8753
7422 743
4885 7422
4329 4885
2587 4329
34 2587
5314 34
2530 5314
7780 2530
954 7780
6087 954
3774 6087
1553 3774
7258 1553
3413 7258
4526 3413
3695 4526
4774 3695
3836 4774
2621 3836
5596 2621
6665 5596
4610 6665
1631 4610
3076 1631
2091 3076
7366 2091
1665 7366
801 1665
3330 801
2079 3330
8151 2079
596 8151
1322 596
4481 1322
2588 4481
5738 2588
8468 5738
4337 8468
6278 4337
5035 6278
5421 5035
2103 5421
2581 2103
3432 2581
108 3432
2438 108
3665 2438
3417 3665
3157 3417
6187 3157
716 6187
6058 716
76 6058
8862 76
8447 8862
5885 8447
6403 5885
2568 6403
725 2568
3820 725
4596 3820
5932 4596
814 5932
8885 814
7477 8885
6689 7477
2679 6689
4653 2679
3419 4653
5663 3419
1685 5663
8817 1685
5514 8817
2855 5514
5477 2855
5470 5477
6631 5470
2831 6631
1531 2831
1060 1531
757 1060
4193 757
5876 4193
3576 5876
3423 3576
6973 3423
4130 6973
6790 4130
5547 6790
6443 5547
7045 6443
3825 7045
5553 3825
6990 5553
7289 6990
8731 7289
430 8731
6752 430
2327 6752
3632 2327
5005 3632
8595 5005
1347 8595
7648 1347
7994 7648
551 7994
1412 551
4728 1412
7451 4728
1311 7451
2510 1311
3534 2510
5449 3534
2381 5449
5916 2381
2616 5916
7584 2616
4427 7584
8834 4427
3376 8834
6161 3376
17 6161
4485 17
2939 4485
4831 2939
3842 4831
4675 3842
2590 4675
7240 2590
5190 7240
3923 5190
2871 3923
4134 2871
2770 4134
4907 2770
3703 4907
4151 3703
6987 4151
8921 6987
64 8921
5817 64
58 5817
1113 58
2802 1113
6042 2802
4792 6042
8880 4792
2272 8880
5423 2272
7040 5423
2042 7040
1935 2042
8821 1935
5287 8821
260 5287
294 260
6257 294
3353 6257
5652 3353
3678 5652
8770 3678
3428 8770
564 3428
5339 564
677 5339
5942 677
8903 5942
5129 8903
7118 5129
4826 7118
6843 4826
4105 6843
6437 4105
4874 6437
3077 4874
6949 3077
789 6949
8393 789
2520 8393
690 2520
926 690
842 926
6649 842
5630 6649
6600 5630
3602 6600
5730 3602
7712 5730
8844 7712
8989 8844
2738 8989
6466 2738
6985 6466
7484 6985
6602 7484
1139 6602
2334 1139
6066 2334
6730 6066
5431 6730
5042 5431
7779 5042
5040 7779
5293 5040
3340 5293
8058 3340
4166 8058
2248 4166
7791 2248
4409 7791
5993 4409
8765 5993
1603 8765
7100 1603
4233 7100
4473 4233
638 4473
72 638
2917 72
7838 2917
4073 7838
4416 4073
4399 4416
4989 4399
33 4989
7906 33
244 7906
703 244
8977 703
7698 8977
5047 7698
5801 5047
581 5801
8336 581
4697 8336
7749 4697
8550 7749
540 8550
7709 540
8113 7709
2176 8113
3853 2176
5750 3853
4383 5750
3584 4383
4640 3584
2816 4640
8659 2816
1789 8659
7962 1789
2026 7962
1643 2026
3945 1643
2505 3945
8725 2505
5204 8725
3036 5204
751 3036
1693 751
8601 1693
2739 8601
8963 2739
580 8963
3608 580
5690 3608
7805 5690
6425 7805
5735 6425
3871 5735
2522 3871
2418 2522
3279 2418
7394 3279
11 7394
1738 11
1720 1738
5983 1720
4810 5983
4466 4810
4414 4466
1953 4414
7285 1953
6358 7285
2368 6358
1078 2368
7693 1078
7920 7693
3953 7920
6539 3953
2352 6539
8842 2352
1859 8842
6761 1859
4515 6761
612 4515
5681 612
1639 5681
4768 1639
7863 4768
4765 7863
8737 4765
8259 8737
4236 8259
2689 4236
227 2689
3740 227
1353 3740
4296 1353
5638 4296
4936 5638
2287 4936
510 2287
188 510
5900 188
4825 5900
5182 4825
7365 5182
6886 7365
6080 6886
6218 6080
8229 6218
2428 8229
4979 2428
6171 4979
7004 6171
4126 7004
2787 4126
2333 2787
6047 2333
6328 6047
8050 6328
7829 8050
4122 7829
6460 4122
6117 6460
7694 6117
6951 7694
1124 6951
4767 1124
7980 4767
5960 7980
1716 5960
2748 1716
7031 2748
858 7031
6181 858
3660 6181
8494 3660
1612 8494
1326 1612
6506 1326
6019 6506
1156 6019
2775 1156
6012 2775
783 6012
742 783
2023 742
5230 2023
2531 5230
8266 2531
8365 8266
1778 8365
1399 1778
1148 1399
5973 1148
8405 5973
2443 8405
3464 2443
2948 3464
6485 2948
4650 6485
6424 4650
267 6424
7186 267
2752 7186
5526 2752
3519 5526
1993 3519
4325 1993
6725 4325
5873 6725
8998 5873
158 8998
2255 158
3800 2255
263 3800
7692 263
5014 7692
8843 5014
8174 8843
5353 8174
8909 5353
644 8909
7622 644
8114 7622
4711 8114
2300 4711
3363 2300
7757 3363
4772 7757
3822 4772
8866 3822
6246 8866
7730 6246
7521 7730
6764 7521
5611 6764
3681 5611
6457 3681
4156 6457
3079 4156
8382 3079
7147 8382
8397 7147
3593 8397
182 3593
2476 182
2766 2476
8403 2766
2968 8403
4844 2968
844 4844
7689 844
3915 7689
1085 3915
849 1085
6252 849
6788 6252
8327 6788
4499 8327
3559 4499
8794 3559
4111 8794
4160 4111
8505 4160
8499 8505
3153 8499
7619 3153
4972 7619
4847 4972
7498 4847
8288 7498
2500 8288
2853 2500
42 2853
6347 42
7781 6347
6295 7781
1425 6295
5877 1425
1246 5877
1492 1246
8600 1492
5862 8600
3999 5862
769 3999
2912 769
1599 2912
2611 1599
8427 2611
8538 8427
6636 8538
3969 6636
7710 3969
8355 7710
4776 8355
2391 4776
4695 2391
2464 4695
7657 2464
2050 7657
839 2050
4769 839
8261 4769
6035 8261
5167 6035
4359 5167
700 4359
2980 700
2411 2980
4147 2411
3201 4147
1515 3201
5418 1515
7367 5418
3957 7367
1216 3957
109 1216
6401 109
4914 6401
6219 4914
687 6219
5275 687
2116 5275
3574 2116
8555 3574
1646 8555
1569 1646
2614 1569
315 2614
5783 315
8805 5783
4338 8805
7470 4338
3718 7470
5857 3718
5090 5857
907 5090
1754 907
3913 1754
6378 3913
8392 6378
250 8392
8873 250
7251 8873
1950 7251
3439 1950
8762 3439
5171 8762
4231 5171
1987 4231
3846 1987
1793 3846
3689 1793
7722 3689
8088 7722
1049 8088
1396 1049
7561 1396
1691 7561
8658 1691
3422 8658
7096 3422
8847 7096
7408 8847
381 7408
36 381
3434 36
6447 3434
6946 6447
2096 6946
160 2096
3022 160
3398 3022
2275 3398
5260 2275
3826 5260
8649 3826
5692 8649
2913 5692
4779 2913
4117 4779
3211 4117
6650 3211
104 6650
2038 104
6618 2038
5456 6618
5661 5456
4144 5661
4469 4144
8905 4469
8952 8905
3459 8952
6489 3459
8532 6489
1903 8532
7325 1903
1123 7325
4664 1123
3671 4664
336 3671
4710 336
6850 4710
6471 6850
4587 6471
8073 4587
1838 8073
84 1838
3990 84
8548 3990
6254 8548
3921 6254
2570 3921
6487 2570
4843 6487
1058 4843
5072 1058
5788 5072
7293 5788
4397 7293
8263 4397
2837 8263
1253 2837
7869 1253
3100 7869
2185 3100
4722 2185
2217 4722
7995 2217
7429 7995
1409 7429
2749 1409
7355 2749
7845 7355
771 7845
3784 771
8123 3784
2866 8123
5967 2866
4719 5967
4273 4719
3062 4273
3123 3062
4228 3123
7660 4228
3276 7660
1633 3276
1369 1633
656 1369
1368 656
206 1368
4856 206
6598 4856
8707 6598
4865 8707
485 4865
8292 485
4755 8292
6615 4755
5520 6615
3274 5520
4348 3274
57 4348
6326 57
7183 6326
345 7183
766 345
8522 766
3406 8522
3981 3406
6907 3981
4673 6907
3226 4673
5898 3226
5888 5898
5561 5888
811 5561
1709 811
6502 1709
7102 6502
237 7102
80 237
3714 80
7666 3714
258 7666
1895 258
7573 1895
8957 7573
1221 8957
7836 1221
8199 7836
3754 8199
1115 3754
1374 1115
2354 1374
7968 2354
6409 7968
467 6409
883 467
5624 883
2365 5624
8152 2365
6532 8152
1194 6532
8136 1194
5121 8136
8008 5121
7279 8008
2529 7279
184 2529
3631 184
8985 3631
5285 8985
5739 5285
1126 5739
631 1126
2186 631
2465 2186
8722 2465
1918 8722
3474 1918
865 3474
2606 865
4926 2606
7593 4926
8274 7593
1168 8274
863 1168
300 863
2836 300
1101 2836
1097 1101
6073 1097
1632 6073
8928 1632
6663 8928
1341 6663
4486 1341
389 4486
7074 389
7439 7074
7754 7439
6088 7754
8041 6088
7421 8041
3656 7421
728 3656
5117 728
1696 5117
635 1696
3627 635
2136 3627
3170 2136
8295 3170
4523 8295
2902 4523
2901 2902
4701 2901
807 4701
1822 807
101 1822
5815 101
7580 5815
3666 7580
4446 3666
7487 4446
4093 7487
53 4093
6742 53
4145 6742
4349 4145
8242 4349
2624 8242
2237 2624
4146 2237
75 4146
5157 75
2814 5157
4676 2814
7582 4676
2406 7582
1910 2406
5454 1910
7880 5454
6184 7880
2152 6184
5919 2152
5902 5919
8605 5902
1136 8605
8118 1136
1072 8118
8448 1072
1764 8448
5397 1764
6070 5397
4910 6070
2729 4910
5216 2729
3569 5216
7759 3569
7448 7759
225 7448
1443 225
2561 1443
4841 2561
1464 4841
6463 1464
2579 6463
4168 2579
3129 4168
535 3129
5091 535
2555 5091
6967 2555
4917 6967
5720 4917
4740 5720
7226 4740
1241 7226
6542 1241
2284 6542
6716 2284
7596 6716
4482 7596
1532 4482
5594 1532
8093 5594
6892 8093
6895 6892
270 6895
4761 270
6909 4761
8627 6909
7286 8627
7330 7286
3231 7330
6473 3231
8220 6473
5143 8220
1626 5143
1597 1626
7812 1597
1111 7812
5858 1111
5748 5858
8890 5748
1294 8890
1444 1294
5796 1444
1505 5796
8569 1505
7224 8569
684 7224
7566 684
3426 7566
3415 3426
1218 3415
4689 1218
2502 4689
217 2502
614 217
5831 614
2078 5831
3293 2078
198 3293
6143 198
2241 6143
41 2241
6091 41
1336 6091
4191 1336
5782 4191
3668 5782
1809 3668
8786 1809
7952 8786
5305 7952
8935 5305
8039 8935
5417 8039
3575 5417
7844 3575
5505 7844
7420 5505
1466 7420
5790 1466
6410 5790
6422 6410
5757 6422
4893 5757
5466 4893
2617 5466
362 2617
5684 362
923 5684
3267 923
8254 3267
9001 8254
15 9001
4217 15
8473 4217
1680 8473
4737 1680
8767 4737
3278 8767
5866 3278
6338 5866
4919 6338
4496 4919
1107 4496
5422 1107
2639 5422
6534 2639
1786 6534
967 1786
5930 967
2746 5930
2820 2746
2410 2820
2425 2410
7501 2425
1274 7501
4381 1274
8364 4381
6151 8364
8036 6151
8412 8036
1835 8412
3007 1835
6203 3007
2160 6203
3844 2160
1290 3844
8455 1290
4378 8455
7793 4378
5325 7793
707 5325
8809 707
745 8809
4487 745
6348 4487
3163 6348
7948 3163
6548 7948
6077 6548
5534 6077
1487 5534
1431 1487
702 1431
6531 702
303 6531
8635 303
1045 8635
6753 1045
5125 6753
1590 5125
1287 1590
1707 1287
8122 1707
2503 8122
367 2503
2496 367
1850 2496
7825 1850
7888 7825
5490 7888
682 5490
1717 682
6059 1717
5972 6059
2213 5972
6051 2213
43 6051
2604 43
3454 2604
4404 3454
8052 4404
7646 8052
6878 7646
6813 6878
623 6813
6553 623
3765 6553
1823 3765
7681 1823
6693 7681
5453 6693
8177 5453
4480 8177
1367 4480
8716 1367
1233 8716
7071 1233
1209 7071
6312 1209
4669 6312
8705 4669
3543 8705
4471 3543
2349 4471
1944 2349
1945 1944
4239 1945
7057 4239
7986 7057
3500 7986
8007 3500
3341 8007
3831 3341
7041 3831
7278 7041
5583 7278
3759 5583
3855 3759
7128 3855
3155 7128
988 3155
6057 988
7686 6057
2988 7686
2488 2988
6204 2488
5338 6204
5529 5338
2759 5529
4866 2759
6769 4866
7129 6769
8488 7129
2461 8488
8877 2461
2634 8877
5160 2634
647 5160
5620 647
4791 5620
5406 4791
2466 5406
7107 2466
8868 7107
2798 8868
6307 2798
5936 6307
4255 5936
2030 4255
1173 2030
1866 1173
8162 1866
6353 8162
1865 6353
3674 1865
5186 3674
8063 5186
1365 8063
5950 1365
4920 5950
349 4920
2609 349
4538 2609
3256 4538
6630 3256
7960 6630
2971 7960
3009 2971
8046 3009
3859 8046
6808 3859
943 6808
6721 943
5334 6721
2571 5334
3882 2571
2781 3882
2931 2781
584 2931
1202 584
2832 1202
1116 2832
2432 1116
4857 2432
1856 4857
296 1856
5519 296
627 5519
7238 627
6092 7238
3614 6092
1211 3614
1847 1211
5463 1847
6601 5463
6812 6601
3207 6812
2554 3207
2081 2554
7189 2081
1491 7189
1490 1491
1077 1490
7017 1077
3472 7017
1373 3472
7618 1373
5573 7618
7396 5573
8846 7396
6236 8846
4648 6236
5659 4648
51 5659
1273 51
3218 1273
6739 3218
3110 6739
4895 3110
8751 4895
7370 8751
7270 7370
4503 7270
121 4503
5956 121
4971 5956
2283 4971
5050 2283
8657 5050
5958 8657
6318 5958
6841 6318
2371 6841
3028 2371
3386 3028
2815 3386
3089 2815
8285 3089
830 8285
2379 830
6391 2379
6362 6391
1739 6362
610 1739
6896 610
4082 6896
5710 4082
3491 5710
4186 3491
7745 4186
7089 7745
2575 7089
944 2575
870 944
2232 870
8378 2232
4548 8378
4392 4548
6238 4392
3604 6238
7206 3604
1973 7206
7164 1973
8450 7164
6216 8450
8319 6216
2935 8319
1867 2935
2794 1867
1887 2794
5951 1887
2747 5951
8376 2747
5110 8376
8519 5110
8019 8519
2323 8019
5769 2323
6787 5769
44 6787
6207 44
1521 6207
1574 1521
5455 1574
7765 5455
8638 7765
586 8638
1437 586
6041 1437
6969 6041
4678 6969
546 4678
3473 546
3874 3473
6271 3874
2175 6271
26 2175
796 26
5341 796
8493 5341
8855 8493
6250 8855
2492 6250
5965 2492
2056 5965
2717 2056
7542 2717
6339 7542
6514 6339
1104 6514
8849 1104
6830 8849
2909 6830
4778 2909
7398 4778
1839 7398
2796 1839
3634 2796
3904 3634
7909 3904
2506 7909
6418 2506
6368 6418
5901 6368
1992 5901
372 1992
6660 372
2020 6660
4254 2020
6955 4254
8192 6955
1034 8192
7945 1034
404 7945
185 404
8634 185
5112 8634
2469 5112
1134 2469
3181 1134
937 3181
2786 937
2539 2786
4631 2539
5517 4631
419 5517
4211 419
6818 4211
692 6818
3135 692
6566 3135
6822 6566
1163 6822
8825 1163
7012 8825
615 7012
4419 615
3042 4419
2369 3042
7076 2369
2585 7076
4208 2585
4324 4208
4272 4324
8270 4272
8667 8270
5162 8667
1054 5162
8033 1054
1214 8033
1621 1214
6867 1621
3498 6867
7503 3498
7887 7503
3487 7887
1733 3487
8127 1733
183 8127
5826 183
8771 5826
8863 8771
1026 8863
2167 1026
48 2167
498 48
2021 498
914 2021
1082 914
6635 1082
5928 6635
3641 5928
1857 3641
6999 1857
6719 6999
5654 6719
3661 5654
8852 3661
1400 8852
736 1400
8651 736
8388 8651
6227 8388
7237 6227
5813 7237
4725 5813
6994 4725
1855 6994
2383 1855
3841 2383
4807 3841
4223 4807
4960 4223
7257 4960
514 7257
6567 514
7072 6567
6430 7072
1922 6430
2058 1922
2159 2058
1062 2159
8734 1062
7641 8734
2583 7641
5176 2583
8560 5176
3587 8560
1065 3587
3938 1065
7794 3938
1858 7794
8090 1858
6074 8090
7350 6074
3496 7350
7671 3496
6667 7671
5709 6667
220 5709
8311 220
1197 8311
4372 1197
3557 4372
4002 3557
666 4002
2765 666
2525 2765
4163 2525
1303 4163
1682 1303
3360 1682
7123 3360
6445 7123
8934 6445
4204 8934
3431 4204
6497 3431
2199 6497
7445 2199
5000 7445
378 5000
226 378
1564 226
5306 1564
3325 5306
7949 3325
7613 7949
1688 7613
4900 1688
7763 4900
3069 7763
5058 3069
2397 5058
5155 2397
979 5155
691 979
162 691
7931 162
7932 7931
7054 7932
4513 7054
8943 4513
3858 8943
2332 3858
6770 2332
3200 6770
956 3200
1332 956
5501 1332
561 5501
2707 561
6541 2707
2885 6541
4476 2885
392 4476
3031 392
2949 3031
59 2949
197 59
7168 197
7556 7168
134 7556
1921 134
8669 1921
8755 8669
767 8755
5677 767
3518 5677
945 3518
1734 945
8572 1734
3116 8572
216 3116
8763 216
7049 8763
5407 7049
7551 5407
3764 7551
6926 3764
3610 6926
5990 3610
5262 5990
3642 5262
4533 3642
7235 4533
8332 7235
4170 8332
2930 4170
6564 2930
8040 6564
5205 8040
3246 5205
2742 3246
1868 2742
6954 1868
6523 6954
2859 6523
4019 2859
8358 4019
8857 8358
1314 8857
3351 1314
3262 3351
3494 3262
6076 3494
8150 6076
8792 8150
3015 8792
5451 3015
3933 5451
6644 3933
7602 6644
3337 7602
6007 3337
5244 6007
3128 5244
6588 3128
4859 6588
1003 4859
3789 1003
6766 3789
2736 6766
7103 2736
6797 7103
3132 6797
7222 3132
7898 7222
6556 7898
3536 6556
6747 3536
3087 6747
8622 3087
1042 8622
4835 1042
5487 4835
5179 5487
585 5179
3090 585
557 3090
7318 557
7810 7318
346 7810
5848 346
6164 5848
1961 6164
7195 1961
5200 7195
2123 5200
1981 2123
4315 1981
8702 4315
7067 8702
4391 7067
3806 4391
3737 3806
5199 3737
6931 5199
4207 6931
4811 4207
3694 4811
4516 3694
1498 4516
4412 1498
2873 4412
2315 2873
8433 2315
7316 8433
5669 7316
1611 5669
5361 1611
1861 5361
3673 1861
6853 3673
6322 6853
5869 6322
1272 5869
5016 1272
2450 5016
2923 2450
8138 2923
1337 8138
8612 1337
6924 8612
5247 6924
1652 5247
5643 1652
2028 5643
6535 2028
3033 6535
2049 3033
7824 2049
6079 7824
6648 6079
2426 6648
4554 2426
4969 4554
2842 4969
6020 2842
4642 6020
8302 4642
695 8302
5637 695
3926 5637
7332 3926
2260 7332
1128 2260
3192 1128
3731 3192
3407 3731
1796 3407
8029 1796
2101 8029
8198 2101
7999 8198
6222 7999
4808 6222
3082 4808
1424 3082
2322 1424
7337 2322
6976 7337
5242 6976
2744 5242
4203 2744
403 4203
1321 403
1230 1321
4567 1230
1776 4567
6380 1776
5317 6380
5248 5317
3905 5248
2348 3905
7304 2348
6017 7304
4714 6017
2756 4714
6558 2756
2423 6558
3338 2423
6482 3338
8343 6482
154 8343
6043 154
8415 6043
1063 8415
5027 1063
4804 5027
8710 4804
8369 8710
3364 8369
3249 3364
8344 3249
6803 8344
6325 6803
4796 6325
2518 4796
4636 2518
6610 4636
5608 6610
3108 5608
8527 3108
4157 8527
2184 4157
1164 2184
7527 1164
1016 7527
7338 1016
3914 7338
4225 3914
5386 4225
4461 5386
5670 4461
6467 5670
1036 6467
9001 1036
18 9001
3420 18
5955 3420
3269 5955
65 3269
3221 65
8791 3221
1792 8791
2799 1792
4851 2799
8717 4851
7121 8717
6429 7121
8054 6429
5552 8054
7604 5552
2857 7604
3529 2857
3368 3529
1468 3368
5982 1468
7469 5982
7419 7469
181 7419
587 181
4080 587
8591 4080
5606 8591
1571 5606
203 1571
2480 203
2607 2480
466 2607
4343 466
7406 4343
920 7406
2791 920
7198 2791
7185 7198
8377 7185
3649 8377
4992 3649
8025 4992
917 8025
7379 917
1938 7379
5543 1938
8386 5543
4615 8386
426 4615
603 426
5037 603
7964 5037
5269 7964
1902 5269
3287 1902
2597 3287
5224 2597
8979 5224
4618 8979
1108 4618
2992 1108
8213 2992
1877 8213
3974 1877
1648 3974
5111 1648
7473 5111
4479 7473
7752 4479
1308 7752
575 1308
2720 575
6848 2720
7223 6848
5446 7223
1788 5446
4311 1788
7669 4311
136 7669
3354 136
8597 3354
8475 8597
8487 8475
828 8487
591 828
7361 591
9001 7361
69 9001
7056 69
2220 7056
3829 2220
1714 3829
8578 1714
2783 8578
5328 2783
5272 5328
2674 5272
306 2674
5415 306
1170 5415
942 1170
6671 942
5578 6671
2095 5578
3191 2095
1070 3191
1949 1070
3162 1949
3918 3162
7721 3918
3318 7721
6925 3318
4988 6925
4981 4988
8426 4981
453 8426
6782 453
8672 6782
6498 8672
4994 6498
3705 4994
3492 3705
7760 3492
7063 7760
6201 7063
6544 6201
6582 6544
3781 6582
1047 3781
4819 1047
5588 4819
7493 5588
3527 7493
461 3527
2434 461
3917 2434
6327 3917
4238 6327
3101 4238
8414 3101
6783 8414
7653 6783
820 7653
3609 820
5833 3609
8610 5833
8089 8610
5740 8089
4723 5740
544 4723
7744 544
7328 7744
371 7328
7921 371
1766 7921
1930 1766
1837 1930
4899 1837
542 4899
794 542
4068 794
3600 4068
7052 3600
8743 7052
5823 8743
558 5823
2714 558
2818 2714
1360 2818
2895 1360
115 2895
481 115
4738 481
7696 4738
2704 7696
5551 2704
2249 5551
5549 2249
4915 5549
4666 4915
4242 4666
6887 4242
6178 6887
124 6178
2002 124
1462 2002
2782 1462
7611 2782
7490 7611
7966 7490
5891 7966
452 5891
7664 452
6675 7664
2694 6675
5198 2694
3531 5198
5435 3531
7510 5435
7536 7510
8897 7536
3203 8897
233 3203
7608 233
3122 7608
3247 3122
1742 3247
5033 1742
1076 5033
1019 1076
1330 1019
4114 1330
4333 4114
9001 4333
88 9001
4918 88
5175 4918
8827 5175
2308 8827
7833 2308
3389 7833
5787 3389
5064 5787
2421 5064
5708 2421
5282 5708
3463 5282
8964 3463
4603 8964
3443 4603
8410 3443
7755 8410
4436 7755
7271 4436
537 7271
4522 537
3045 4522
1352 3045
150 1352
1700 150
8687 1700
8362 8687
6371 8362
6758 6371
4443 6758
8697 4443
2582 8697
901 2582
8956 901
7340 8956
7475 7340
2102 7475
495 2102
1963 495
3599 1963
6591 3599
400 6591
4572 400
5653 4572
764 5653
529 764
6125 529
698 6125
8557 698
7942 8557
6929 7942
395 6929
1340 395
6381 1340
5283 6381
1181 5283
1028 1181
7207 1028
410 7207
5634 410
3393 5634
5195 3393
3118 5195
1000 3118
491 1000
7883 491
469 7883
2776 469
6593 2776
4803 6593
7769 4803
5868 7769
9001 5868
